cuberoot of 27.0 is  3
f(e= 1, M = 0.570796 ) = 1.57042
Needs to settle down before timer is reliable
Sacrificial readings for Basic 

cbrt     ( 1, 0.570796 ) =     0.82952037262283  t = 	181	178	177	178	179	177
cbrt3    ( 1, 0.570796 ) =     0.82952037262283  t = 	374	367	368	367	369	367
sqrt     ( 1, 0.570796 ) =     0.75551063976287  t = 	5	5	5	5	5	6
exp      ( 1, 0.570796 ) =      1.7696757306774  t = 	19	21	19	19	19	19
log      ( 1, 0.570796 ) =     -0.5607228285878  t = 	22	22	22	22	22	22
cos      ( 1, 0.570796 ) =      0.8414709848079  t = 	36	35	35	34	35	34
sin      ( 1, 0.570796 ) =     0.54030230586814  t = 	34	32	34	33	33	34
tan      ( 1, 0.570796 ) =     0.64209261593433  t = 	41	41	41	41	41	42
S3       ( 1, 0.570796 ) =      1.5657473460759  t = 	43	43	43	42	42	42
S9       ( 1, 0.570796 ) =      1.5303459567797  t = 	77	71	71	72	71	71
S9s2     ( 1, 0.570796 ) =      1.5303459567797  t = 	58	55	55	54	54	54
S9t2     ( 1, 0.570796 ) =      1.5303459567797  t = 	75	72	72	72	72	72
S9t2p54  ( 1, 0.570796 ) =      1.5303459567797  t = 	28	26	26	26	27	26
Cubic    ( 1, 0.570796 ) =      1.5073385512667  t = 	115	113	114	113	113	114
Pade     ( 1, 0.570796 ) =      1.5666341508692  t = 	117	116	116	116	115	115
Basic    ( 1, 0.570796 ) =      1.5704240085038  t = 	373	382	387	372	373	373
Better   ( 1, 0.570796 ) =       1.570768887531  t = 	358	364	361	360	362	357
