
Compile options:  STRICT PURE FAST MSC_ver 192930151 SSE undefined cbrt_ver 3

Cube root = 3 Ref3
Tag Function  	    Low Error	e		     M		     High Error		   e 		M	   Time
  0 M                        0 0                    0                         1                    1 0.57079632679    6
  1 Basic         -4.44089e-16 0.001                2.1             0.000394324   0.9999999999999998 0.4            587
  2 Better        -6.10307e-05 1                    0.1             5.19164e-05   0.9999999999999998 0.5            620
  3 Best           -3.3398e-06 1                    0.8             1.84518e-06   0.9999999999999998 0.15           622
  4 BasicOp       -3.03924e-15 0.999999999          0.0001          2.00506e-11   0.9999999899999999 0.4            662
  5 Exact         -2.76543e-16 0.7                  3.1215926536    4.06344e-16                  0.9 0.1            845
  6 D5_FLM        -4.44089e-16 0.02                 2.9             4.44089e-16                 0.15 2              650
  7 FLM95         -0.000360897 0.9999999999999998   0.4             0.000431009                  0.3 1.7            414
  8 DLB_B          -0.00402935 0.3                  2.4              0.00811286   0.9999999999999998 1.9            368
  9 DLB_BG        -0.000288548 0.5                  1.1              0.00323827                    1 1.4            371
 10 Pade          -4.44089e-16 0                    3.1215926536       0.126136   0.9999999999999998 3.1415926536   332
 11 Cubic         -9.80705e-21 0.9999999899999999   1e-15               1.20691                    0 3.1415926536   213
 12 SM_Cub              -0.043 0                    3.1415926536      0.0310276   0.9999999999999998 2.2            348
 13 SM_Pade       -0.000877423 1                    0.3               0.0308944   0.9999999999999998 2.4            439
 14 MTB_CC           -0.292041 0.9999999999999998   1e-150          0.000234823                    1 2.5            395
 15 MTB_RS            -70.9125 0.55                 0                  0.747671                 0.55 0.005          386
 16 MTB_RF        -0.000312079 0.65                 0.6             8.41897e-05                 0.98 0.6            390
 17 PadePi/4           -171474 0.002                0.2                0.196555   0.9999999999999998 3.1415926536   411
 18 DLB_MB         -0.00403992 0.9999999999999998   3                0.00194723   0.9999999999999998 1.6            495
 19 Hybrid         -0.00103057 0.8474986            0.2             5.42586e-05   0.9999999999999998 1.6            421
 20 Optimised     -6.10307e-05 1                    0.1             5.19164e-05   0.9999999999999998 0.5            593
 21 Polish        -2.65364e-16 0.9999               1.5707963268    4.06344e-16                  0.9 0.1            839
 22 D0               -0.156783 0.95                 0.005             0.0951107            0.8474986 2.5            382
 23 D1              -0.0862675 0.6                  0.2               0.0431038            0.8474986 0.25            98
 24 S1                      -1 0.9999999999999998   3.1415926536    2.22045e-16          0.999999999 0.57079632679    6
 25 S1_85                -0.85 1                    3.1415926536           0.85                    1 0                7
 26 S1_41                -0.41 1                    3.1415926536           0.59                    1 0.57079632679    7
 27 S1_50                 -0.5 0.9999999999999998   3.1415926536            0.5                    1 0                7
 28 S1_62                -0.62 0.9999999999999998   3.1415926536           0.62                    1 0                7
 29 S3               -0.394393 0.9999999999999998   1.2                0.554582                    1 0.1            112
 30 S9                      -1 1                    1e-150            0.0583629   0.9999999999999998 0.9            119
 31 S9s2                    -1 1                    1e-150            0.0583629   0.9999999999999998 0.9             77
 32 S9t2                    -1 1                    1e-150            0.0583629                    1 0.9            125
 33 S9t2p54                 -1 1                    1e-150            0.0583629   0.9999999999999998 0.9             54
 34 S9t2p52                 -1 1                    1e-150            0.0583629                    1 0.9             68
 35 D3M              -0.664851 0.999999999          1e-09              0.686983                    1 0.2            161
 36 D3t2p54M         -0.664851 0.999999999          1e-09              0.686983                    1 0.2             59
 37 M_D4M          -1.0052e+07 0.9999999999999998   1e-08              0.241808                0.995 0.01           150
 38 D4t2M         -8.57143e+29 1                    1e-30              0.237159                0.995 0.01           165
 39 D4t2pM        -8.57143e+29 1                    1e-30              0.237159                0.995 0.01            76
 40 M_D5M             -9.93343 0.999999999          1e-08               3.14159                    0 3.1415926536   200
 41 D5t2M             -9.99195 0.999999999          1e-08               3.14159                1e-06 3.1415926536   208
 42 D5t2pM            -9.99195 0.999999999          1e-08              0.813966                    1 0.2            120#
 43 M_D6M              -1999.8 1                    0.001              0.320745                 0.99 0.02           272
 44 M_D7M             -99.1076 1                    0.02                1.76047                0.999 0.25           361
 45 M_D8M             -399.589 1                    0.005              0.915544                0.998 0.25           510
 46 Basic         -4.44089e-16 0.001                2.1             0.000394324   0.9999999999999998 0.4            594
 47 BasicE        -4.44089e-16 0                    2.1             0.000394324   0.9999999999999998 0.4            590
 48 NR_Basic      -9.40202e-08 0.9999999999999998   0.4             4.44089e-16                 0.05 2.3            764
 49 D3_Basic      -8.32667e-16 0.998                0.005           2.00508e-11   0.9999999899999999 0.4            799
 50 BasicI        -2.81719e-15 0.999999999          0.0001          2.00508e-11                    1 0.4            678
 51 D380_Bas      -8.32667e-16 0.998                0.005           2.00508e-11   0.9999999899999999 0.4            770
 52 D3t2_Basic    -3.31679e-15 0.99999              0.0001          2.00508e-11   0.9999999899999999 0.4            787
 53 BasOp_t2      -5.84255e-15 1                    0.0001          1.92901e-15   0.9999999999999998 0.0001         763
 54 D3_Basic2t    -1.18933e-14 0.999999             1e-05           2.00508e-11   0.9999999899999999 0.4            698
 55 D4_Basic      -3.77476e-15 0.999999999          0.4             4.44089e-16                 0.05 2.3            834
 56 Better        -6.10307e-05 1                    0.1             5.19164e-05   0.9999999999999998 0.5            610
 57 NR_Better     -4.61502e-09 0.9999999999999998   0.07            4.44089e-16                 0.05 2.3            776
 58 D3_Better     -2.53353e-13 0.99999              0.07            3.86358e-14               0.9999 0.5            781
 59 BetterOp      -5.35683e-15 0.9999               0.0001          6.91669e-14                    1 0.05           860
 60 D4_Better     -2.29921e-15 1                    1e-12           4.44089e-16                 0.05 2.3            852
 61 Best           -3.3398e-06 1                    0.8             1.84518e-06   0.9999999999999998 0.15           665
 62 NR_Best        -1.4039e-11 0.9999999899999999   0.04            4.44089e-16                 0.05 2.3            818
 63 D3_Best       -8.32667e-16 0.998                0.005            9.4369e-16             0.999999 0.005          810
 64 D3t2_Best     -3.31679e-15 0.99999              0.0001          6.66134e-16                0.999 0.005          826
 65 BestI         -5.28679e-14 0.999999             1e-08           1.30206e-13   0.9999999899999999 1e-09          688
 66 Best2tp54Op   -2.26194e-12 0.9999999999999998   5e-24           2.47025e-15   0.9999999899999999 0.001          691
 67 D4_Best       -4.44089e-16 0.005                2.2             4.44089e-16                 0.05 2.3            854
 68 FLM95         -0.000360897 0.9999999999999998   0.4             0.000431009                  0.3 1.7            414
 69 NR_FLM        -8.38117e-08 0.9999999999999998   0.3             4.16334e-17                 0.65 0.04           641
 70 D3_FLM         -1.6976e-11 0.9999999899999999   0.3             3.84892e-12                  0.4 1.7            644
 71 D4_FLM        -3.55271e-15 0.999                0.25            4.44089e-16                 0.05 2.3            693
 72 D5_FLMop      -4.44089e-16 0.005                2.2             4.44089e-16                 0.15 2              665
 73 DLB_BG        -0.000288548 0.5                  1.1              0.00323827                    1 1.4            373
 74 NR_DLB        -2.94573e-06 0.9999999999999998   1.1             4.44089e-16                 0.15 3.1405926536   581
 75 D3_DLB        -1.54055e-12 0.5                  1.2              4.4404e-09                    1 1.3            585
 76 D4_DLB        -1.87739e-12 0.9999999999999998   1               4.44089e-16                 0.15 2              631
 77 D5_DLB        -8.88178e-16 0.998                1.5707963268    1.55431e-15                0.999 0.9            660
 78 NR80             -0.655145 1                    1e-150             0.195526   0.9999999999999998 3.1415926536   149
 79 NR               -0.655145 1                    1e-150             0.195526   0.9999999999999998 3.1415926536   138
 80 NR+              -0.655145 1                    1e-150             0.195526   0.9999999999999998 3.1415926536   138
 81 NRt2             -0.655145 1                    1e-150             0.195526   0.9999999999999998 3.1415926536   139
 82 Halley80         -0.496101 1                    1e-150            0.0290136                 0.65 1e-18          151
 83 Halley           -0.496101 1                    1e-150            0.0290136                 0.65 1e-18          149
 84 Hall_s           -0.496101 1                    1e-150            0.0290136                 0.65 1e-18          158
 85 Hal_t2            -0.49607 1                    1e-150            0.0290136                 0.65 1e-18          150
 86 D3t2p54          -0.496101 1                    1e-150            0.0290136                 0.65 1e-18           58
 87 M_D4             -0.414059 1                    1e-150            0.0194808                 0.75 1e-18          190
 88 D4t2             -0.414059 1                    1e-150            0.0194808                 0.75 1e-18          194
 89 D4t2p32          -0.414059 0.9999999999999998   1e-150            0.0194808                 0.75 1e-18           87
 90 M_D5                    -1 1                    1e-150           0.00321611   0.9999999999999998 3.1415926536   252
 91 D5t2             -0.368766 1                    1e-150          0.000279339                  0.7 0.04           244
 92 MB_D6            -0.334192 1                    1e-150          0.000299055   0.9999999999999998 3.1415926536   308
 93 D6t2             -0.334192 1                    1e-150          3.79435e-06                    1 2.1            314
 94 MB_D7           -0.0686841 1                    0               1.12915e-05                 0.95 0.0001         390
 95 D7t2             -0.307124 1                    0               6.17304e-05   0.9999999999999998 3.1415926536   412
 96 MB_D8             -1.23073 1                    1e-150            2.636e-06                  0.5 0              552
 97 D8t2              -1.23073 1                    1e-150            2.636e-06                  0.5 0              562
 98 Dn_Mke           -0.694151 0                    0.9                0.533471                    1 0.1            130
 99 NRoptK           -0.316059 1                    0                 0.0185932   0.9999999999999998 3.1415926536   141
100 D3optK           -0.174823 1                    0                  0.160495                    1 0.3            167
101 D4optK           -0.143222 1                    0                0.00451046     0.84749866194415 1e-18          203
102 D5optK           -0.611573 0.8474986            0                  0.115166                    1 0.2            242
103 D6optK           -0.115248 1                    0.15            1.67083e-05                  0.8 0.02           308
104 MPadeK          -0.0140727 0.95                 3                0.00153492                    1 1              420
105 NRNRoK           -0.162845 1                    0               1.69407e-21                 0.01 1e-05          327
106 NRtNRt            -0.43359 1                    1e-150          2.22045e-16                 0.05 1.6            329
107 NRNRt2            -0.43359 1                    1e-150          2.22045e-16                 0.05 1.6            328
108 NRt2NR            -0.43359 1                    1e-150          2.22045e-16                 0.05 1.6            334
109 NRNR              -0.43359 1                    1e-150          2.22045e-16                 0.05 1.6            316
110 NR(3x)           -0.288148 1                    1e-150          3.27883e-10   0.9999999899999999 3.1415926536   488
111 NR(4x)           -0.191832 1                    1e-150          4.44089e-16                 0.15 2              666
112 D4t2NRk         -0.0954488 1                    0               1.69974e-07     0.84749866194415 1e-18          406
113 D4t2D3k         -0.0715989 1                    0                 0.0044588                 0.99 0              409
114 D4t2D4k          -0.061337 1                    0               0.000460561                 0.99 1e-18          469
115 NR_S9            -0.655145 1                    1e-150          4.44089e-16                 0.15 3.1405926536   285
116 D3_S9            -0.496101 1                    1e-150          3.84678e-05   0.9999999999999998 0.8            296
117 D3_S9t2          -0.496101 1                    1e-150          3.84678e-05   0.9999999999999998 0.8            337
118 D3t2_S9t2         -0.49607 1                    1e-150          3.84678e-05   0.9999999999999998 0.8            336
119 D3t2_S9           -0.49607 1                    1e-150          3.84678e-05   0.9999999999999998 0.8            307
120 D3_S9t2p52        -0.49607 1                    1e-150          3.84678e-05   0.9999999999999998 0.8            248
121 D3t2_S9t2p        -0.49607 1                    1e-150          3.84678e-05   0.9999999999999998 0.8            249
122 D3t2p_S9t2p      -0.496101 1                    1e-150          3.84686e-05   0.9999999999999998 0.8            150
123 D3_D4M         -1.0052e+07 0.9999999999999998   1e-08               373.764              0.99999 0.07           341
124 D4_D4M        -1.09386e+32 1                    1e-30           2.89186e+23                    1 8e-24          391
125 D4_D4t2p      -1.09386e+32 1                    1e-30           2.89186e+23                    1 8e-24          293
126 D4_S3         -9.52381e+28 1                    1e-30              0.139346                0.998 0.002          305
127 D4_S9            -0.414059 1                    1e-150          4.13828e-08                 0.95 0.01           336
128 D4t2_S9          -0.414059 1                    1e-150          4.13828e-08                 0.95 0.01           346
129 D4t2_D4          -0.176396 1                    1e-150           0.00204184                 0.95 1e-18          433
130 D4_D5t2pM     -8.57143e+23 1                    1e-24           5.48186e-10   0.9999999999999998 8e-24          368#
131 D5_S9                   -1 1                    1e-150          1.22723e-08   0.9999999999999998 0.8            389
132 D5t2_S9          -0.368766 1                    1e-150          1.67568e-08   0.9999999999999998 5e-24          418
133 D5t2_S9t2        -0.368766 1                    1e-150          1.67568e-08   0.9999999999999998 5e-24          429
134 NR_D5t2             -8e+99 1                    1e-99             0.0371178   0.9999999999999998 1e-15          384
135 BasicE        -4.44089e-16 0                    2.1             0.000394324   0.9999999999999998 0.4            591
136 Basic(ref)    -4.44089e-16 0.001                2.1             0.000394324   0.9999999999999998 0.4            608
137 BasicQ        -4.44089e-16 0.005                2.1             0.000394324   0.9999999999999998 0.4            629
138 BasicR        -4.44089e-16 1e-06                3.1             0.000394324   0.9999999999999998 0.4            570
141 BasicBM       -4.44089e-16 1e-06                3.1             0.000394324   0.9999999999999998 0.4            577
143 BasicZ        -4.44089e-16 0.001                2.1             0.000394324   0.9999999999999998 0.4            582
144 BasicF32      -9.32498e-05 0.9999999899999999   1e-12           0.000394314                    1 0.4            569
145 Bas2tp10         -0.095158 0                    1.5707963268      0.0703174                0.075 1.5            479
146 Bas2tp30        -0.0124169 0.25                 1.1               0.0116091                 0.02 2              489
147 Bas2tp50        -0.0017704 0                    1.5707963268     0.00168392                0.002 1.9            505
148 Bas2tp70       -0.00033425 0.15                 1.3207963268    0.000393855   0.9999999999999998 0.4            504
149 Bas2tp32      -0.000212342 0                    1.5707963268    0.000394344   0.9999999999999998 0.4            486
150 Basic2tp32x   -5.23069e-06 0                    1.5707963268    0.000394344   0.9999999999999998 0.4            496
151 Bas2tp52      -5.23069e-06 0                    1.5707963268    0.000394324   0.9999999999999998 0.4            510
152 Basic2tp52y   -1.00905e-08 0.15                 0.8             0.000394324   0.9999999999999998 0.4            497
153 Bas2tp54      -1.34736e-08 0                    1.5707963268    0.000394324   0.9999999999999998 0.4            528
154 NR_Bas2tp54   -9.40202e-08 0.9999999999999998   0.4             4.44089e-16                 0.05 2.3            726
155 D4T_B2tp52     -2.8455e-13 0.99999              0.15            3.13629e-09   0.9999999999999998 8e-24          603
156 D3_Bas2tp54   -1.68706e-13 0.9999999999999998   1e-24           2.00508e-11   0.9999999899999999 0.4            745
157 D4_Bas2pt54   -4.96911e-14 0.9999999999999998   8e-24           9.85708e-16   0.9999999999999998 1e-24          784
158 Basic2tp56    -5.86748e-11 1e-06                1.5707963268    0.000394324   0.9999999999999998 0.4            574
159 BasicP20        -0.0447952 0                    1.9               0.0756673   0.9999999999999998 0.9            538
160 Basic20a        -0.0141817 0                    2.6               0.0154879                  0.5 0.57079632679  498
161 BasicP30       -0.00415493 0                    2.7               0.0308397   0.9999999999999998 0.3            487
162 BasicP40       -0.00296954 0.3                  1.3              0.00653394     0.84749866194415 0.1            507
163 BasicP50       -0.00119307 0.95                 0.2             0.000170902                0.001 1.2            495
164 BasicP60      -0.000230322 0.8                  0.15             0.00038734   0.9999999999999998 0.5            532
165 BasicP70      -3.60763e-06 0                    2.8             0.000413469   0.9999999999999998 0.4            572
166 BasicP80      -2.02369e-06 0.15                 1.4             0.000394754   0.9999999999999998 0.4            615
167 BasicP90      -2.19999e-07 0.65                 0.15            0.000394083   0.9999999999999998 0.4            617
168 BasicP32       -0.00260414 1                    0               0.000669508   0.9999999999999998 0.2            527
169 BasicP32a      -0.00260414 1                    0               0.000669508   0.9999999999999998 0.2            538
170 BasP32ND       -0.00260414 1                    0                0.00066674   0.9999999999999998 0.2            508
171 BasP52ND      -0.000102051 0                    1.5707963268     0.00044839   0.9999999999999998 0.5            544
172 D1              -0.0862675 0.6                  0.2               0.0431038            0.8474986 0.25            98
173 NR_D1          -0.00230005 0.6                  0.2             2.22045e-16             0.999999 0.57079632679  270
174 D3_D1          -1.1404e-05 0.75                 0.25            5.24768e-05                 0.55 0.2            286
175 D3t2_D1        -1.1404e-05 0.75                 0.25            5.24768e-05                 0.55 0.2            273
176 D4_D1         -6.35221e-07 0.9                  0.25             2.7759e-06                  0.6 0.2            310
177 D4t2_D1       -6.35221e-07 0.9                  0.25             2.7759e-06                  0.6 0.2            327
178 D5_D1         -4.31253e-09 0.4                  0.15            2.96091e-08                  0.6 0.2            353
179 D5t2_D1       -8.07745e-09 1                    8e-24           2.96091e-08                  0.6 0.2            382
180 D6_D1         -6.20735e-10 0.9                  0.25            3.97312e-10                  0.6 0.2            423
181 D7_D1           -0.0602753 1                    1e-07           1.12915e-05                 0.95 0.0001         505
182 D8_D1         -6.79186e-08 0.9999999999999998   2.7             2.04591e-06                  0.5 3.1415926536   653
183 D3D4_D1       -4.44089e-16 0.02                 2.9             4.44089e-16                 0.05 2.3            502
184 D4t2D3t2D1    -2.64852e-13 0.9999999899999999   1e-11           1.18612e-12   0.9999999899999999 1e-12          542
185 D3t2D4t2D1    -2.52576e-15 0.99999              0.0001          1.60982e-15          0.999999999 0.0001         542
186 DCubic           -0.470743 0                    0.9                0.480253   0.9999999999999998 3.1415926536   296
187 Dpade             -1.08002 0                    2.6               0.0192975                    1 0.7            319