
Compile options:  STRICT PURE FAST MSC_ver 192930151 SSE undefined cbrt_ver 3

Cube root = 3 Ref3
Quick Time e =           0.85

0           M 0      9 0.024     9 0.024     9 0.024     9 0.024     9 0.024
1       Basic C    606 1.735   643 1.841   611 1.750   600 1.718   603 1.727
2      Better C    601 1.721   605 1.732   600 1.718   607 1.739   606 1.736
3        Best D    631 1.807   629 1.801   628 1.797   628 1.798   674 1.930
4     BasicOp E    668 1.912   658 1.885   678 1.942   675 1.933   681 1.950
5       Exact D    871 2.495   866 2.481   872 2.496   862 2.467   865 2.476
6      D5_FLM 8    682 1.952   696 1.993   671 1.922   669 1.916   674 1.929
7       FLM95 0    422 1.209   465 1.330   419 1.200   418 1.195   423 1.212
8       DLB_B B    378 1.081   369 1.056   369 1.055   369 1.057   371 1.061
9      DLB_BG 4    382 1.093   388 1.112   372 1.066   374 1.070   376 1.077
10       Pade 6    342 0.980   348 0.996   359 1.028   352 1.008   344 0.984
11      Cubic 6    240 0.687   225 0.645   223 0.639   223 0.639   223 0.638
12     SM_Cub 6    347 0.994   357 1.021   347 0.993   352 1.008   350 1.002
13    SM_Pade 8    431 1.235   431 1.235   438 1.253   446 1.277   431 1.235
14     MTB_CC C    398 1.140   412 1.179   414 1.184   407 1.164   412 1.179
15     MTB_RS 3    388 1.110   394 1.129   388 1.112   388 1.111   395 1.131
16     MTB_RF 0    395 1.132   392 1.123   393 1.124   393 1.124   392 1.123
17   PadePi/4 C    398 1.140   414 1.186   400 1.144   398 1.139   404 1.155
18     DLB_MB 5    472 1.351   489 1.401   481 1.376   469 1.343   470 1.345
19     Hybrid 1    415 1.187   413 1.181   414 1.185   413 1.183   413 1.182
20  Optimised B    593 1.699   613 1.755   643 1.842   613 1.756   607 1.738
21     Polish 6    848 2.429   868 2.485   864 2.475   860 2.461   858 2.455
22         D0 1    399 1.141   397 1.136   395 1.132   385 1.101   391 1.120
23         D1 3    100 0.284   100 0.285    99 0.284    99 0.284   100 0.285
24         S1 B      9 0.024     9 0.024     9 0.024     9 0.024     9 0.024
25      S1_85 9     10 0.027    10 0.027    10 0.027    10 0.027    10 0.027
26      S1_41 3     10 0.028    10 0.027    10 0.027    10 0.027    10 0.027
27      S1_50 5     10 0.027    10 0.027    10 0.027    10 0.027    10 0.027
28      S1_62 7     10 0.027    10 0.027    10 0.027    10 0.027    10 0.027
29         S3 D    117 0.333   112 0.320   110 0.315   106 0.304   107 0.306
30         S9 3    118 0.339   130 0.373   118 0.339   120 0.344   119 0.341
31       S9s2 0     84 0.239    82 0.235    85 0.244    86 0.247    84 0.240
32       S9t2 9    127 0.364   165 0.472   127 0.363   125 0.359   134 0.382
33    S9t2p54 D     53 0.153    54 0.153    63 0.179    55 0.158    53 0.152
34    S9t2p52 6     52 0.149    55 0.157    53 0.151    53 0.150    53 0.153
35        D3M 6    137 0.393   133 0.381   138 0.394   139 0.398   132 0.377
36   D3t2p54M F     55 0.156    55 0.157    55 0.156    55 0.156    55 0.157
37      M_D4M 5    143 0.410   145 0.414   143 0.410   147 0.421   147 0.422
38      D4t2M 4    158 0.453   158 0.451   158 0.452   158 0.453   158 0.451
39     D4t2pM 3     75 0.216    76 0.216    76 0.217    76 0.217    76 0.217
40      M_D5M 8    200 0.571   196 0.561   195 0.558   193 0.553   199 0.570
41      D5t2M 7    243 0.696   200 0.571   201 0.575   209 0.599   200 0.572
42     D5t2pM 3    129 0.370   123 0.353   124 0.355   123 0.353   137 0.392
43      M_D6M E    278 0.795   293 0.838   288 0.825   289 0.826   280 0.800
44      M_D7M B    379 1.085   363 1.039   362 1.036   364 1.042   364 1.042
45      M_D8M 8    509 1.457   506 1.450   513 1.469   511 1.463   509 1.459
46      Basic C    594 1.701   616 1.764   624 1.788   629 1.801   630 1.802
47     BasicE 3    585 1.674   590 1.690   585 1.675   583 1.668   584 1.671
48   NR_Basic F    765 2.191   770 2.204   788 2.256   794 2.274   764 2.188
49   D3_Basic 5    773 2.214   772 2.211   776 2.221   771 2.208   787 2.253
50     BasicI 0    666 1.908   691 1.978   667 1.909   695 1.990   727 2.080
51   D380_Bas 5    781 2.237   783 2.241   843 2.414   771 2.207   785 2.249
52 D3t2_Basic 4    805 2.304   830 2.375   802 2.297   807 2.309   851 2.435
53   BasOp_t2 A    739 2.116   702 2.011   703 2.013   703 2.012   701 2.007
54 D3_Basic2t 6    680 1.948   681 1.949   704 2.016   688 1.969   681 1.951
55   D4_Basic 3    825 2.363   834 2.388   818 2.343   826 2.364   832 2.383
56     Better C    592 1.695   639 1.828   614 1.757   617 1.766   617 1.766
57  NR_Better B    795 2.276   795 2.277   798 2.283   766 2.194   767 2.196
58  D3_Better 1    790 2.262   799 2.287   789 2.259   784 2.244   786 2.252
59   BetterOp D    810 2.320   785 2.247   770 2.204   773 2.212   769 2.201
60  D4_Better F    821 2.352   823 2.357   819 2.343   823 2.356   830 2.378
61       Best D    647 1.852   658 1.885   665 1.903   637 1.825   646 1.850
62    NR_Best 5    863 2.471   822 2.354   807 2.310   814 2.330   817 2.338
63    D3_Best B    839 2.402   899 2.574   837 2.397   832 2.381   823 2.357
64  D3t2_Best A    828 2.371   831 2.378   839 2.402   861 2.466   849 2.430
65      BestI 2    707 2.025   676 1.934   683 1.955   673 1.927   679 1.944
66 Best2tp54Op 5    700 2.003   702 2.009   712 2.038   733 2.099   730 2.091
67    D4_Best 9    884 2.531   894 2.559   883 2.528   887 2.539   864 2.474
68      FLM95 0    422 1.207   427 1.223   416 1.192   416 1.191   427 1.223
69     NR_FLM C    642 1.839   641 1.835   654 1.873   640 1.833   641 1.835
70     D3_FLM 7    647 1.852   646 1.850   646 1.848   646 1.849   646 1.849
71     D4_FLM 0    696 1.994   691 1.979   691 1.979   713 2.042   692 1.980
72   D5_FLMop 5    671 1.921   672 1.923   673 1.925   677 1.938   678 1.942
73     DLB_BG 4    373 1.067   378 1.081   376 1.076   373 1.067   372 1.066
74     NR_DLB 6    591 1.692   594 1.701   583 1.670   619 1.773   600 1.719
75     D3_DLB 1    604 1.728   618 1.769   619 1.771   601 1.720   638 1.827
76     D4_DLB A    640 1.831   639 1.830   638 1.828   638 1.827   638 1.827
77     D5_DLB B    685 1.960   696 1.993   665 1.903   685 1.962   670 1.919
78       NR80 7    166 0.476   158 0.451   161 0.461   155 0.444   181 0.518
79         NR C    157 0.448   156 0.446   161 0.459   168 0.480   154 0.442
80        NR+ 4    144 0.412   146 0.418   143 0.409   142 0.405   142 0.406
81       NRt2 5    145 0.416   144 0.413   146 0.416   144 0.411   147 0.422
82   Halley80 C    157 0.449   157 0.448   170 0.485   155 0.442   155 0.442
83     Halley 2    153 0.438   155 0.445   153 0.437   157 0.448   159 0.455
84     Hall_s 0    157 0.449   156 0.445   170 0.487   184 0.526   159 0.454
85     Hal_t2 7    165 0.473   160 0.456   169 0.483   159 0.454   161 0.460
86    D3t2p54 A     62 0.176    61 0.176    62 0.176    63 0.181    62 0.178
87       M_D4 C    194 0.554   194 0.554   213 0.609   198 0.567   194 0.554
88       D4t2 1    196 0.561   195 0.557   190 0.545   193 0.552   190 0.545
89    D4t2p32 5     91 0.260    92 0.263    92 0.262    91 0.261    92 0.264
90       M_D5 A    248 0.710   268 0.766   259 0.741   262 0.750   253 0.724
91       D5t2 F    254 0.727   257 0.735   253 0.725   255 0.729   253 0.723
92      MB_D6 9    312 0.892   312 0.894   315 0.903   312 0.893   314 0.899
93       D6t2 1    313 0.897   312 0.893   334 0.955   318 0.911   330 0.944
94      MB_D7 6    426 1.220   404 1.156   402 1.150   415 1.187   397 1.135
95       D7t2 E    404 1.157   403 1.154   405 1.158   403 1.154   404 1.156
96      MB_D8 3    546 1.562   547 1.566   548 1.568   546 1.562   585 1.675
97       D8t2 B    578 1.653   587 1.681   611 1.748   576 1.648   554 1.587
98     Dn_Mke 3    146 0.416   139 0.398   141 0.403   137 0.393   136 0.388
99     NRoptK 1    145 0.415   147 0.421   166 0.474   147 0.422   154 0.441
100     D3optK D    194 0.555   172 0.491   169 0.483   170 0.487   172 0.491
101     D4optK 6    218 0.623   222 0.635   217 0.621   222 0.636   219 0.625
102     D5optK 1    253 0.724   261 0.747   260 0.743   250 0.715   261 0.746
103     D6optK 7    314 0.900   315 0.901   315 0.903   307 0.879   313 0.895
104     MPadeK 3    426 1.220   427 1.223   428 1.225   432 1.235   424 1.213
105     NRNRoK F    332 0.951   332 0.950   330 0.944   332 0.950   332 0.951
106     NRtNRt C    335 0.958   337 0.965   348 0.996   342 0.979   335 0.960
107     NRNRt2 6    341 0.975   334 0.957   343 0.981   335 0.957   338 0.966
108     NRt2NR 0    347 0.994   344 0.985   334 0.957   334 0.956   334 0.955
109       NRNR 9    328 0.938   318 0.911   321 0.918   328 0.938   331 0.946
110     NR(3x) F    559 1.601   558 1.597   495 1.416   502 1.436   502 1.436
111     NR(4x) 7    682 1.953   712 2.040   772 2.211   894 2.561   987 2.826
112    D4t2NRk 0    481 1.376   482 1.381   478 1.368   457 1.308   456 1.304
113    D4t2D3k 6    529 1.513   574 1.644   520 1.489   515 1.473   527 1.510
114    D4t2D4k B    521 1.492   515 1.474   516 1.477   518 1.482   513 1.470
115      NR_S9 7    351 1.005   337 0.964   341 0.975   337 0.963   340 0.972
116      D3_S9 8    350 1.003   336 0.963   392 1.121   390 1.116   305 0.872
117    D3_S9t2 B    349 0.998   359 1.026   342 0.978   344 0.984   365 1.046
118  D3t2_S9t2 A    353 1.009   358 1.024   350 1.003   348 0.995   348 0.995
119    D3t2_S9 5    325 0.929   317 0.907   323 0.924   336 0.961   331 0.946
120 D3_S9t2p52 F    267 0.764   260 0.745   266 0.761   251 0.718   263 0.752
121 D3t2_S9t2p 5    288 0.824   280 0.801   280 0.803   278 0.795   280 0.802
122 D3t2p_S9t2p 2    164 0.468   159 0.454   163 0.465   158 0.453   159 0.456
123     D3_D4M C    369 1.056   356 1.018   355 1.017   377 1.080   358 1.023
124     D4_D4M A    403 1.153   406 1.163   392 1.123   401 1.149   396 1.134
125   D4_D4t2p 0    301 0.861   312 0.893   301 0.863   306 0.874   342 0.980
126      D4_S3 2    327 0.936   330 0.944   333 0.954   324 0.928   321 0.918
127      D4_S9 7    348 0.997   350 1.001   349 0.998   346 0.989   348 0.997
128    D4t2_S9 4    361 1.034   359 1.029   359 1.028   368 1.054   371 1.062
129    D4t2_D4 E    441 1.262   431 1.234   445 1.274   433 1.239   446 1.276
130  D4_D5t2pM 5    475 1.359   391 1.118   380 1.089   529 1.516   423 1.212
131      D5_S9 C    425 1.216   415 1.188   399 1.143   405 1.160   416 1.190
132    D5t2_S9 1    430 1.230   418 1.196   418 1.196   410 1.173   420 1.202
133  D5t2_S9t2 6    430 1.231   436 1.248   431 1.234   431 1.235   431 1.233
134    NR_D5t2 A    385 1.103   384 1.099   388 1.110   386 1.104   387 1.109
135     BasicE 3    631 1.807   600 1.718   640 1.833   673 1.927   593 1.697
136 Basic(ref) C    590 1.688   606 1.734   611 1.748   627 1.795   658 1.884
137     BasicQ 3    834 2.388   781 2.237   799 2.289   828 2.370   794 2.272
138     BasicR 7    673 1.926   647 1.852   630 1.805   622 1.780   617 1.767
139    _BasicS C    281 0.805   279 0.800   278 0.794   283 0.810   436 1.247
140    _BasicT 1   1110 3.179   700 2.004   551 1.578   555 1.589  1257 3.598
141    BasicBM 2    606 1.734   588 1.683   579 1.658   579 1.658   589 1.687
142    _BasicA 1    481 1.376   519 1.487   464 1.329   476 1.363   478 1.368
143     BasicZ E    590 1.690   583 1.670   604 1.730   577 1.652   579 1.657
144   BasicF32 5    560 1.604   572 1.638   587 1.680   611 1.748   604 1.730
145   Bas2tp10 1    492 1.409   477 1.367   477 1.367   476 1.362   489 1.400
146   Bas2tp30 B    490 1.403   499 1.427   488 1.396   489 1.401   490 1.404
147   Bas2tp50 3    523 1.497   507 1.452   521 1.493   507 1.452   508 1.455
148   Bas2tp70 5    519 1.486   514 1.473   513 1.469   512 1.466   507 1.453
149   Bas2tp32 7    483 1.383   487 1.393   485 1.388   491 1.407   498 1.427
150 Basic2tp32x 4    530 1.518   511 1.462   532 1.522   493 1.410   507 1.452
151   Bas2tp52 E    527 1.509   548 1.570   548 1.569   532 1.522   547 1.566
152 Basic2tp52y C    503 1.440   503 1.440   508 1.453   512 1.466   506 1.447
153   Bas2tp54 4    535 1.532   533 1.525   535 1.530   532 1.523   534 1.529
154 NR_Bas2tp54 A    729 2.086   737 2.110   724 2.073   735 2.104   732 2.095
155 D4T_B2tp52 2    600 1.718   609 1.742   598 1.712   608 1.739   603 1.725
156 D3_Bas2tp54 0    758 2.171   764 2.186   756 2.164   741 2.121   726 2.079
157 D4_Bas2pt54 E    783 2.242   780 2.234   790 2.262   777 2.225   771 2.206
158 Basic2tp56 4    534 1.528   536 1.536   534 1.529   572 1.638   556 1.593
159   BasicP20 5    524 1.501   524 1.499   533 1.525   525 1.503   526 1.505
160   Basic20a 0    506 1.448   519 1.486   514 1.472   520 1.490   547 1.565
161   BasicP30 1    535 1.531   507 1.451   511 1.463   508 1.453   520 1.489
162   BasicP40 F    501 1.435   516 1.478   520 1.488   504 1.442   503 1.439
163   BasicP50 C    504 1.442   526 1.505   527 1.508   527 1.508   501 1.434
164   BasicP60 C    559 1.599   525 1.504   528 1.512   530 1.518   521 1.493
165   BasicP70 D    571 1.635   581 1.665   570 1.632   572 1.637   603 1.726
166   BasicP80 C    643 1.842   641 1.836   632 1.810   622 1.780   634 1.815
167   BasicP90 1    627 1.796   622 1.781   629 1.802   631 1.806   621 1.779
168   BasicP32 B    526 1.506   558 1.598   546 1.562   539 1.543   550 1.573
169  BasicP32a 9    573 1.641   567 1.622   573 1.640   554 1.587   556 1.592
170   BasP32ND A    528 1.512   518 1.484   518 1.483   516 1.478   527 1.507
171   BasP52ND 7    525 1.504   518 1.483   530 1.518   529 1.513   543 1.555
172         D1 3     99 0.284   101 0.288    99 0.284    99 0.283   105 0.299
173      NR_D1 1    273 0.781   269 0.769   268 0.768   274 0.783   274 0.785
174      D3_D1 7    268 0.766   267 0.764   270 0.772   271 0.777   268 0.766
175    D3t2_D1 0    274 0.784   276 0.791   275 0.787   284 0.812   273 0.781
176      D4_D1 5    310 0.887   311 0.891   335 0.960   320 0.916   318 0.910
177    D4t2_D1 9    330 0.944   323 0.923   333 0.953   328 0.938   323 0.925
178      D5_D1 4    374 1.071   371 1.061   372 1.065   371 1.062   371 1.063
179    D5t2_D1 B    384 1.099   376 1.077   375 1.073   382 1.093   376 1.077
180      D6_D1 0    427 1.223   426 1.219   429 1.229   427 1.221   429 1.228
181      D7_D1 1    509 1.458   509 1.457   513 1.468   509 1.456   510 1.460
182      D8_D1 9    674 1.930   673 1.927   665 1.903   672 1.925   679 1.943
183    D3D4_D1 7    494 1.414   499 1.429   519 1.486   499 1.429   493 1.411
184 D4t2D3t2D1 C    551 1.577   535 1.532   535 1.531   533 1.526   545 1.559
185 D3t2D4t2D1 D    528 1.511   524 1.499   541 1.550   539 1.544   523 1.497
186     DCubic A    307 0.878   301 0.861   313 0.896   302 0.865   310 0.886
187      Dpade 1    325 0.929   323 0.925   324 0.927   323 0.925   324 0.927
188          _ 0      9 0.024     9 0.024    13 0.037    16 0.045     9 0.026
189          _ 0      9 0.024     9 0.024     9 0.024     9 0.024     9 0.024
190          _ 0      9 0.024     9 0.024     9 0.024     9 0.024     9 0.024
191          _ 0      9 0.024     9 0.026     9 0.024     9 0.024     9 0.024
192          _ 0      9 0.024     9 0.024     9 0.024     9 0.024     9 0.024
193     _a.e^N 8     33 0.095    33 0.094    38 0.108    32 0.092    33 0.093
194    _GFix80 2    249 0.712   248 0.708   251 0.719   253 0.725   252 0.722
195    _GFixup 2    249 0.712   247 0.708   248 0.710   247 0.706   247 0.707
196    _MFixup 1    152 0.436   152 0.436   152 0.436   152 0.436   153 0.437
197    _FLMFix 7     47 0.133    46 0.132    46 0.130    48 0.136    46 0.131
198   _CubicBM 5    269 0.770   252 0.722   251 0.717   252 0.720   246 0.705
199    _SolveC 4    258 0.740   258 0.739   255 0.730   253 0.725   252 0.721