
Compile options:  DEBUG STRICT PURE FAST MSC_ver 192930151 SSE undefined cbrt_ver 3

Cube root = 3 Ref3
Timings for common operations x10^7 '#' is empty loop (+, -, * all x3 )

QT          # 0    10 0.000    10 0.000    10 0.000    10 0.000    10 0.000
QT          + 0    11 0.000    11 0.000    11 0.000    11 0.000    11 0.000
QT          - 0    11 0.000    11 0.000    11 0.000    11 0.000    11 0.000
QT          * 0    13 0.000    13 0.000    13 0.000    13 0.000    13 0.000
QT          / 0   371 0.001   370 0.001   368 0.001   371 0.001   386 0.001
QT          m 0    11 0.000    11 0.000    11 0.000    11 0.000    11 0.000
QT          d 0   378 0.001   378 0.001   379 0.001   378 0.001   387 0.001
QT          D 0   398 0.001   400 0.001   400 0.001   398 0.001   397 0.001
QT          M 0     9 0.000     9 0.000     9 0.000     9 0.000     9 0.000
QT        nop 0    16 0.000    13 0.000    13 0.000    13 0.000    13 0.000
QT   1/(1+x)* 0    41 0.000    39 0.000    39 0.000    39 0.000    39 0.000
QT 1/(1+x)**a 0    49 0.000    49 0.000    49 0.000    49 0.000    49 0.000
QT 1/(1+x) 24 0    59 0.000    59 0.000    59 0.000    55 0.000    48 0.000
QT    1/(1+x) 0    23 0.000    23 0.000    23 0.000    23 0.000    23 0.000
QT        abs 0    19 0.000    16 0.000    16 0.000    47 0.000    16 0.000
QT     fchsgn 0    13 0.000    13 0.000    13 0.000    13 0.000    13 0.000
QT    chgsign 0    24 0.000    21 0.000    47 0.000    21 0.000    21 0.000
QT        0-x 0    13 0.000    13 0.000    13 0.000    13 0.000    13 0.000
QT       sqrt 0    26 0.000    24 0.000    46 0.000    24 0.000    24 0.000
QT       atan 0   100 0.000    99 0.000    98 0.000    99 0.000   107 0.000
QT      atan2 0   259 0.000   264 0.000   264 0.000   306 0.000   265 0.000
QT        log 0    44 0.000    41 0.000    41 0.000    41 0.000    58 0.000
QT        exp 0    47 0.000    45 0.000    45 0.000    45 0.000    45 0.000
QT        sin 0    57 0.000    64 0.000    63 0.000    64 0.000   106 0.000
QT        cos 0    56 0.000    59 0.000    59 0.000    58 0.000    60 0.000
QT     sincos 0   108 0.000   125 0.000   125 0.000   125 0.000   126 0.000
QT        tan 0    81 0.000    86 0.000    97 0.000   102 0.000   106 0.000
QT        abs 0    16 0.000    16 0.000    16 0.000    38 0.000    16 0.000
QT      sin87 0    67 0.000    82 0.000    73 0.000    82 0.000    73 0.000
QT      cos87 0    73 0.000    79 0.000    71 0.000    69 0.000    70 0.000
QT   sincos87 0    64 0.000    73 0.000    73 0.000    74 0.000    73 0.000
QT      tan87 0    53 0.000   111 0.000   106 0.000    81 0.000    81 0.000
QT   ASM_log2 0    14 0.000    13 0.000    13 0.000    13 0.000    13 0.000
QT    ASM_2^x 0    13 0.000    13 0.000    13 0.000    13 0.000    13 0.000
QT   sys_cbrt 0   300 0.000   275 0.000   278 0.000   295 0.000   295 0.000
QT   ASM_cbrt 0   174 0.000   177 0.000   171 0.000   179 0.000   167 0.000
QT   Ref_cbrt 0   178 0.000   175 0.000   175 0.000   174 0.000   174 0.000
QT  Ref_cbrt2 0   137 0.000   136 0.000   136 0.000   143 0.000   143 0.000
QT  Ref_cbrt3 0   137 0.000   136 0.000   136 0.000   146 0.000   138 0.000
QT     N_cbrt 0   426 0.001   419 0.001   419 0.001   419 0.001   419 0.001
QT  N_r32cbrt 0   351 0.001   345 0.000   377 0.001   345 0.000   345 0.000
QT    N_cbrt3 0   491 0.001   494 0.001   493 0.001   491 0.001   492 0.001
QT    N_cbrt4 0   466 0.001   446 0.001   444 0.001   451 0.001   445 0.001
QT   N_cbrt4a 0   489 0.001   507 0.001   489 0.001   491 0.001   481 0.001
QT    C_cbrt5 0   265 0.000   265 0.000   265 0.000   266 0.000   265 0.000
QT    BSDcbrt 0   373 0.001   368 0.001   369 0.001   378 0.001   374 0.001
QT    GNUcbrt 0   500 0.001   438 0.001   499 0.001   438 0.001   438 0.001
QT    Suncbrt 0   293 0.000   305 0.000   293 0.000   293 0.000   293 0.000
QT     dcbrt4 0   468 0.001   462 0.001   466 0.001   465 0.001   463 0.001
QT    dcbrt4a 0   494 0.001   479 0.001   477 0.001   475 0.001   474 0.001
QT     dcbrt1 0   462 0.001   458 0.001   458 0.001   485 0.001   475 0.001
QT     rDcbrt 0   475 0.001   496 0.001   487 0.001   467 0.001   469 0.001
QT     P32sin 0    26 0.000    23 0.000    23 0.000    23 0.000    23 0.000
QT     P52sin 0    33 0.000    26 0.000    26 0.000    26 0.000    26 0.000
QT     P74sin 0    44 0.000    40 0.000    41 0.000    40 0.000    40 0.000
QT     P76sin 0    37 0.000    37 0.000    38 0.000    37 0.000    37 0.000
QT     P22cos 0    23 0.000    23 0.000    23 0.000    23 0.000    23 0.000
QT     P42cos 0    24 0.000    24 0.000    24 0.000    24 0.000    24 0.000
QT     P64cos 0    30 0.000    30 0.000    30 0.000    30 0.000    30 0.000
QT     P52tan 0    27 0.000    27 0.000    27 0.000    27 0.000    27 0.000
QT     P76tan 0    41 0.000    43 0.000    41 0.000    42 0.000    41 0.000
QT     P7_tan 0    50 0.000    66 0.000    50 0.000    50 0.000    50 0.000
QT     P9_sin 0    36 0.000    36 0.000    36 0.000    38 0.000    36 0.000
QT     P11sin 0    41 0.000    41 0.000    41 0.000    41 0.000    41 0.000
QT     P13sin 0    46 0.000    70 0.000    47 0.000    48 0.000    47 0.000
QT    P52Atan 0    27 0.000    26 0.000    27 0.000    27 0.000    27 0.000
QT  P{E-sinE} 0   230 0.000   234 0.000   234 0.000   234 0.000   235 0.000