
Compile options:  STRICT PURE FAST cbrt_ver 3

Cube root = 3 Ref3
Quick Time e =           0.85

0           M 1      7 0.026     6 0.024     6 0.024     6 0.023     6 0.023
1       Basic 9    255 0.942   263 0.972   262 0.967   256 0.943   265 0.978
2      Better C    265 0.980   264 0.976   260 0.959   268 0.989   268 0.988
3        Best 0    286 1.057   287 1.061   283 1.045   286 1.058   281 1.039
4     BasicOp 5    288 1.064   299 1.104   292 1.079   286 1.057   298 1.100
5       Exact 4    695 2.566   680 2.509   684 2.525   692 2.557   677 2.500
6      D5_FLM 9    272 1.005   272 1.005   266 0.981   269 0.993   269 0.992
7       FLM95 5    144 0.532   144 0.532   149 0.550   151 0.557   150 0.554
8       DLB_B 2    148 0.546   143 0.527   144 0.533   149 0.550   149 0.549
9      DLB_BG A    146 0.539   145 0.536   149 0.549   151 0.558   151 0.558
10       Pade B    132 0.487   133 0.489   132 0.488   133 0.490   131 0.485
11      Cubic C     86 0.317    86 0.318    87 0.321    87 0.320    87 0.321
12     SM_Cub 6    118 0.437   118 0.436   117 0.434   117 0.434   118 0.436
13    SM_Pade 6    152 0.562   152 0.561   153 0.564   155 0.573   153 0.564
14     MTB_CC 8    141 0.519   138 0.511   141 0.519   141 0.520   141 0.522
15     MTB_RS 5    136 0.503   138 0.510   142 0.523   139 0.512   136 0.503
16     MTB_RF A    139 0.512   139 0.513   140 0.517   142 0.523   139 0.512
17   PadePi/4 8    125 0.463   127 0.469   129 0.475   129 0.477   129 0.475
18     DLB_MB C    187 0.690   186 0.685   186 0.685   193 0.714   186 0.688
19     Hybrid 4    138 0.509   140 0.515   137 0.507   139 0.514   139 0.512
20  Optimised 5    267 0.986   262 0.968   266 0.983   256 0.944   256 0.944
21     Polish E    697 2.574   734 2.712   726 2.684   728 2.689   723 2.672
22         D0 F    114 0.421   114 0.422   113 0.416   113 0.418   114 0.422
23         D1 1     21 0.079    22 0.080    21 0.079    21 0.079    21 0.079
24         S1 9      6 0.024     6 0.024     6 0.024     7 0.024     6 0.024
25      S1_85 6      6 0.024     6 0.024     6 0.024     6 0.024     6 0.024
26      S1_41 D      6 0.024     6 0.024     6 0.024     6 0.024     6 0.024
27      S1_50 0      7 0.024     6 0.024     6 0.024     6 0.024     7 0.024
28      S1_62 3      6 0.024     7 0.024     7 0.024     7 0.024     7 0.024
29         S3 9     41 0.151    41 0.150    40 0.149    40 0.149    40 0.147
30         S9 F     54 0.198    53 0.197    54 0.198    53 0.197    54 0.198
31       S9s2 D     40 0.148    40 0.149    40 0.149    41 0.150    40 0.148
32       S9t2 A     52 0.191    51 0.187    51 0.188    51 0.189    51 0.189
33    S9t2p54 C     22 0.083    22 0.082    22 0.083    22 0.083    22 0.082
34    S9t2p52 6     21 0.079    22 0.080    22 0.079    21 0.079    22 0.080
35        D3M 9     63 0.232    63 0.233    62 0.230    63 0.234    64 0.236
36   D3t2p54M C     23 0.087    23 0.086    23 0.086    23 0.086    23 0.086
37      M_D4M 0     76 0.281    77 0.283    76 0.281    77 0.286    77 0.285
38      D4t2M 4     60 0.223    61 0.225    61 0.224    61 0.224    61 0.224
39     D4t2pM 6     32 0.117    32 0.117    31 0.116    32 0.117    31 0.116
40      M_D5M 2     91 0.338    90 0.333    90 0.334    91 0.336    91 0.334
41      D5t2M C     81 0.298    80 0.297    80 0.297    80 0.295    81 0.298
42     D5t2pM 2     53 0.196    53 0.196    53 0.197    53 0.197    53 0.196
43      M_D6M B    131 0.484   131 0.483   131 0.485   131 0.485   132 0.486
44      M_D7M E    176 0.650   175 0.648   175 0.645   177 0.652   176 0.651
45      M_D8M 1    220 0.815   220 0.811   219 0.807   219 0.810   221 0.815
46      Basic 9    271 1.000   272 1.005   272 1.005   272 1.004   271 0.999
47     BasicE F    278 1.029   278 1.028   278 1.027   277 1.024   277 1.022
48   NR_Basic E    359 1.326   358 1.324   359 1.326   358 1.323   355 1.311
49   D3_Basic 4    361 1.335   363 1.340   362 1.336   366 1.352   365 1.347
50     BasicI 7    307 1.135   310 1.143   313 1.157   305 1.128   305 1.125
51   D380_Bas 0   1017 3.756  1024 3.780  1031 3.806  1029 3.803  1017 3.759
52 D3t2_Basic 5    350 1.295   348 1.286   352 1.302   350 1.294   347 1.284
53   BasOp_t2 F    310 1.146   314 1.160   312 1.152   314 1.158   316 1.166
54 D3_Basic2t 7    300 1.110   303 1.120   299 1.104   300 1.108   305 1.124
55   D4_Basic A    382 1.410   375 1.385   378 1.394   381 1.406   380 1.402
56     Better C    279 1.029   275 1.014   273 1.011   274 1.012   273 1.008
57  NR_Better B    364 1.344   363 1.342   361 1.332   365 1.343   361 1.331
58  D3_Better 1    361 1.334   366 1.350   367 1.356   368 1.359   370 1.365
59   BetterOp 1    335 1.238   331 1.223   337 1.243   336 1.239   336 1.240
60  D4_Better 7    387 1.427   386 1.426   387 1.428   379 1.398   377 1.391
61       Best 0    292 1.078   294 1.086   293 1.083   293 1.081   293 1.083
62    NR_Best 5    372 1.372   372 1.374   371 1.372   370 1.369   372 1.374
63    D3_Best B    377 1.393   381 1.410   383 1.415   382 1.411   380 1.405
64  D3t2_Best 1    382 1.412   385 1.420   384 1.419   382 1.411   382 1.412
65      BestI 4    324 1.197   325 1.200   324 1.198   323 1.192   325 1.202
66 Best2tp54Op 6    304 1.124   296 1.093   295 1.087   294 1.087   294 1.086
67    D4_Best 7    399 1.474   399 1.474   400 1.478   400 1.479   396 1.461
68      FLM95 5    152 0.562   152 0.562   153 0.566   153 0.564   153 0.566
69     NR_FLM D    254 0.938   254 0.940   253 0.936   253 0.935   250 0.924
70     D3_FLM 2    257 0.949   257 0.949   257 0.950   259 0.959   259 0.957
71     D4_FLM 8    274 1.012   274 1.013   275 1.014   274 1.013   274 1.013
72   D5_FLMop 5    284 1.049   285 1.054   286 1.057   286 1.056   284 1.048
73     DLB_BG A    154 0.567   154 0.570   154 0.567   155 0.573   155 0.574
74     NR_DLB D    252 0.929   251 0.927   255 0.940   254 0.937   253 0.936
75     D3_DLB 3    258 0.955   257 0.950   260 0.961   257 0.951   256 0.943
76     D4_DLB 9    274 1.014   271 0.999   270 0.998   271 1.001   272 1.004
77     D5_DLB F    286 1.056   287 1.060   287 1.060   286 1.055   288 1.065
78       NR80 C    428 1.580   428 1.579   427 1.579   429 1.586   432 1.595
79         NR 7     64 0.237    64 0.237    63 0.234    63 0.233    63 0.234
80        NR+ 3     64 0.237    64 0.236    64 0.236    65 0.239    65 0.239
81       NRt2 2     58 0.213    58 0.213    58 0.213    58 0.211    57 0.211
82   Halley80 6    774 2.856   778 2.874   767 2.830   777 2.873   771 2.848
83     Halley 1     70 0.258    70 0.259    70 0.258    70 0.259    70 0.258
84     Hall_s B     70 0.258    70 0.260    70 0.258    70 0.257    70 0.257
85     Hal_t2 0     62 0.231    62 0.229    62 0.228    62 0.230    63 0.231
86    D3t2p54 F     26 0.094    25 0.094    25 0.094    26 0.095    26 0.095
87       M_D4 5     91 0.335    91 0.336    91 0.336    89 0.328    88 0.326
88       D4t2 A     71 0.263    71 0.261    71 0.262    71 0.264    71 0.263
89    D4t2p32 6     37 0.136    37 0.136    37 0.136    37 0.138    37 0.138
90       M_D5 F    103 0.379   104 0.386   104 0.383   104 0.385   103 0.381
91       D5t2 4     80 0.294    80 0.294    80 0.296    80 0.296    81 0.298
92      MB_D6 B    145 0.536   144 0.530   144 0.530   143 0.529   144 0.531
93       D6t2 0    105 0.386   104 0.384   104 0.384   104 0.385   104 0.383
94      MB_D7 5    185 0.682   186 0.689   186 0.688   186 0.688   186 0.688
95       D7t2 A    124 0.456   125 0.460   124 0.457   125 0.462   125 0.463
96      MB_D8 F    200 0.739   198 0.733   200 0.741   201 0.742   200 0.740
97       D8t2 4    179 0.661   179 0.661   180 0.664   182 0.671   181 0.667
98     Dn_Mke C     65 0.242    65 0.241    65 0.241    65 0.241    65 0.240
99     NRoptK 0     64 0.238    64 0.238    64 0.236    64 0.236    64 0.238
100     D3optK 3     73 0.269    73 0.269    74 0.272    73 0.270    73 0.269
101     D4optK 0     95 0.349    94 0.346    94 0.346    94 0.348    94 0.345
102     D5optK E    108 0.400   108 0.398   109 0.404   109 0.403   110 0.405
103     D6optK A    142 0.524   141 0.522   142 0.524   141 0.522   142 0.526
104     MPadeK E    184 0.679   184 0.679   184 0.678   186 0.686   186 0.686
105     NRNRoK 7    143 0.528   143 0.527   144 0.533   144 0.531   143 0.528
106     NRtNRt 6    128 0.474   129 0.476   129 0.477   128 0.474   129 0.477
107     NRNRt2 C    137 0.506   137 0.505   137 0.508   137 0.505   138 0.510
108     NRt2NR 0    141 0.521   142 0.523   142 0.525   142 0.525   142 0.525
109       NRNR 8    142 0.524   142 0.524   142 0.524   142 0.524   142 0.523
110     NR(3x) E    215 0.791   218 0.793   217 0.792   215 0.792   214 0.792
111     NR(4x) 6    299 1.060   303 1.059   297 1.059   288 1.062   288 1.060
112    D4t2NRk 5    183 0.677   183 0.676   183 0.675   183 0.676   183 0.677
113    D4t2D3k 7    189 0.698   189 0.697   187 0.689   187 0.690   188 0.696
114    D4t2D4k 9    205 0.755   205 0.756   205 0.759   206 0.762   202 0.747
115      NR_S9 B    127 0.468   127 0.470   127 0.468   127 0.470   127 0.468
116      D3_S9 C    132 0.486   132 0.488   133 0.491   132 0.489   130 0.480
117    D3_S9t2 E    145 0.535   145 0.534   145 0.535   145 0.535   142 0.524
118  D3t2_S9t2 4    131 0.484   132 0.489   131 0.484   133 0.489   130 0.482
119    D3t2_S9 3    134 0.494   135 0.497   134 0.494   134 0.496   134 0.494
120 D3_S9t2p52 9     90 0.332    88 0.326    91 0.337    91 0.336    91 0.335
121 D3t2_S9t2p 2     92 0.339    91 0.337    92 0.340    92 0.342    92 0.342
122 D3t2p_S9t2p 7     59 0.218    58 0.216    58 0.215    59 0.217    59 0.217
123     D3_D4M 6    161 0.593   162 0.597   164 0.606   166 0.612   166 0.612
124     D4_D4M C    167 0.618   173 0.632   174 0.634   169 0.623   170 0.627
125   D4_D4t2p 1    125 0.462   124 0.458   125 0.462   124 0.458   125 0.462
126      D4_S3 0    139 0.514   138 0.510   139 0.512   139 0.514   139 0.513
127      D4_S9 1    150 0.555   152 0.560   152 0.562   152 0.562   151 0.558
128    D4t2_S9 8    145 0.536   146 0.539   146 0.539   147 0.543   145 0.534
129    D4t2_D4 0    170 0.627   170 0.629   170 0.629   171 0.631   170 0.628
130  D4_D5t2pM B    145 0.534   146 0.538   145 0.534   146 0.539   145 0.534
131      D5_S9 6    173 0.639   170 0.628   171 0.633   171 0.630   173 0.641
132    D5t2_S9 9    178 0.659   179 0.659   180 0.666   181 0.667   180 0.664
133  D5t2_S9t2 D    180 0.665   180 0.664   181 0.667   180 0.664   180 0.664
134    NR_D5t2 4    183 0.677   184 0.679   184 0.679   184 0.679   182 0.674
135     BasicE F    279 1.029   282 1.030   293 1.034   282 1.032   293 1.028
136 Basic(ref) 9    271 1.000   272 1.006   273 1.008   278 1.004   286 1.007
137     BasicQ A    271 1.000   273 1.007   272 1.006   271 1.000   268 0.991
138     BasicR B    260 0.960   263 0.970   261 0.964   260 0.961   264 0.975
139    _BasicS F    107 0.395   107 0.397   107 0.394   107 0.396   108 0.398
140    _BasicT D    233 0.860   235 0.870   232 0.856   235 0.869   236 0.871
141    BasicBM D    260 0.961   262 0.966   263 0.970   262 0.968   261 0.966
142    _BasicA 1    195 0.719   195 0.719   193 0.714   194 0.717   192 0.711
143     BasicZ 2    266 0.981   267 0.987   267 0.986   267 0.986   263 0.970
144   BasicF32 6    239 0.882   240 0.889   238 0.878   241 0.890   241 0.893
145   Bas2tp10 7    225 0.831   224 0.827   225 0.829   224 0.825   224 0.827
146   Bas2tp30 A    232 0.856   233 0.860   234 0.863   234 0.863   229 0.847
147   Bas2tp50 1    239 0.884   237 0.874   237 0.874   237 0.876   236 0.871
148   Bas2tp70 C    242 0.894   242 0.892   241 0.889   241 0.891   241 0.891
149   Bas2tp32 C    227 0.840   227 0.838   225 0.831   225 0.829   227 0.838
150 Basic2tp32x C    230 0.850   230 0.849   230 0.848   230 0.848   229 0.847
151   Bas2tp52 6    242 0.896   242 0.894   241 0.889   241 0.890   240 0.887
152 Basic2tp52y 1    234 0.864   234 0.864   232 0.856   232 0.856   234 0.865
153   Bas2tp54 6    230 0.849   232 0.859   233 0.860   231 0.852   232 0.855
154 NR_Bas2tp54 6    318 1.175   315 1.165   321 1.185   319 1.180   318 1.174
155 D4T_B2tp52 C    265 0.980   266 0.982   264 0.974   266 0.983   265 0.980
156 D3_Bas2tp54 B    324 1.196   323 1.193   322 1.190   320 1.181   321 1.186
157 D4_Bas2pt54 0    337 1.244   337 1.244   337 1.246   337 1.246   334 1.233
158 Basic2tp56 E    236 0.873   235 0.868   234 0.865   235 0.866   235 0.866
159   BasicP20 0    236 0.868   233 0.859   233 0.859   235 0.868   232 0.858
160   Basic20a C    227 0.839   224 0.828   224 0.827   224 0.827   226 0.837
161   BasicP30 5    230 0.848   226 0.835   228 0.842   227 0.840   228 0.841
162   BasicP40 F    232 0.858   234 0.864   231 0.853   231 0.853   231 0.852
163   BasicP50 1    229 0.847   231 0.854   231 0.854   231 0.855   231 0.852
164   BasicP60 D    237 0.875   237 0.875   238 0.879   240 0.887   244 0.900
165   BasicP70 F    263 0.973   260 0.961   261 0.964   265 0.978   260 0.960
166   BasicP80 0    268 0.989   268 0.991   268 0.989   269 0.995   269 0.994
167   BasicP90 E    283 1.044   283 1.047   283 1.047   284 1.049   284 1.050
168   BasicP32 9    240 0.885   240 0.885   241 0.889   241 0.893   239 0.884
169  BasicP32a 8    241 0.889   243 0.896   243 0.897   241 0.891   241 0.889
170   BasP32ND 2    236 0.871   236 0.873   236 0.873   235 0.869   242 0.869
171   BasP52ND 7    231 0.853   234 0.863   234 0.863   234 0.860   234 0.864
172         D1 1     22 0.079    22 0.079    22 0.079    21 0.079    22 0.080
173      NR_D1 4     88 0.324    89 0.324    88 0.324    88 0.324    88 0.324
174      D3_D1 9     91 0.338    91 0.338    91 0.337    91 0.337    91 0.337
175    D3t2_D1 E     85 0.314    85 0.315    86 0.316    86 0.317    85 0.316
176      D4_D1 3    115 0.427   115 0.424   114 0.421   115 0.424   116 0.426
177    D4t2_D1 8     98 0.360    97 0.357    98 0.359    98 0.361    97 0.359
178      D5_D1 2    134 0.495   136 0.497   135 0.496   142 0.498   138 0.496
179    D5t2_D1 D    125 0.460   125 0.460   123 0.455   123 0.454   124 0.460
180      D6_D1 9    179 0.663   180 0.663   180 0.665   179 0.663   179 0.663
181      D7_D1 0    214 0.788   213 0.788   213 0.788   215 0.789   213 0.789
182      D8_D1 7    233 0.863   233 0.860   233 0.859   233 0.860   234 0.864
183    D3D4_D1 3    192 0.708   191 0.707   192 0.710   191 0.707   191 0.706
184 D4t2D3t2D1 A    184 0.680   184 0.679   184 0.680   185 0.682   194 0.681
185 D3t2D4t2D1 3    189 0.697   196 0.693   189 0.696   187 0.691   188 0.695
186     DCubic 0    114 0.420   114 0.419   114 0.419   114 0.420   114 0.420
187      Dpade 1    130 0.482   130 0.482   130 0.482   130 0.481   131 0.482
188          _ 1      7 0.024     7 0.024     7 0.024     7 0.024     7 0.024
189          _ 1      7 0.024     7 0.024     7 0.024     7 0.024     7 0.024
190          _ 1      7 0.024     7 0.024     7 0.024     7 0.024     7 0.024
191          _ 1      7 0.024     7 0.024     7 0.024     7 0.024     7 0.024
192          _ 1      7 0.024     7 0.024     7 0.024     7 0.024     7 0.024
193     _a.e^N 3     20 0.076    20 0.076    20 0.075    20 0.075    20 0.075
194    _GFix80 D    111 0.411   111 0.411   111 0.412   111 0.411   111 0.412
195    _GFixup 2     76 0.280    76 0.281    77 0.284    77 0.284    77 0.283
196    _MFixup 7     58 0.214    58 0.215    58 0.213    58 0.215    58 0.215
197    _FLMFix C     20 0.074    20 0.074    20 0.075    20 0.074    20 0.074
198   _CubicBM 3    101 0.374   101 0.375   101 0.375   101 0.375   101 0.375
199    _SolveC 2     94 0.347    95 0.349    95 0.350    95 0.349    94 0.348