cuberoot of 27.0 is  3
f(e= 1, M = 0.570796 ) = 1.57042
Needs to settle down before timer is reliable
Sacrificial readings for Basic 

cbrt     ( 1, 0.570796 ) =     0.82952037262283  t = 	92	81	82	84	82	82
cbrt3    ( 1, 0.570796 ) =     0.82952037262283  t = 	100	93	92	92	93	93
sqrt     ( 1, 0.570796 ) =     0.75551063976287  t = 	10	10	10	10	10	10
exp      ( 1, 0.570796 ) =      1.7696757306774  t = 	35	35	31	32	31	33
log      ( 1, 0.570796 ) =     -0.5607228285878  t = 	31	30	31	30	30	30
cos      ( 1, 0.570796 ) =      0.8414709848079  t = 	53	54	52	52	51	48
sin      ( 1, 0.570796 ) =     0.54030230586814  t = 	51	52	50	48	47	48
tan      ( 1, 0.570796 ) =     0.64209261593433  t = 	62	63	62	64	63	63
S3       ( 1, 0.570796 ) =      1.5657473460759  t = 	72	74	71	72	71	71
S9       ( 1, 0.570796 ) =      1.5303459567797  t = 	108	105	104	103	105	104
S9s2     ( 1, 0.570796 ) =      1.5303459567797  t = 	77	74	76	78	76	77
S9t2     ( 1, 0.570796 ) =      1.5303459567797  t = 	105	100	99	99	102	97
S9t2p54  ( 1, 0.570796 ) =      1.5303459567797  t = 	39	40	39	39	40	40
Cubic    ( 1, 0.570796 ) =      1.5073385512667  t = 	140	140	143	139	140	142
Pade     ( 1, 0.570796 ) =      1.5666341508692  t = 	151	153	152	153	152	153
Basic    ( 1, 0.570796 ) =      1.5704240085038  t = 	505	504	503	501	502	502
Better   ( 1, 0.570796 ) =       1.570768887531  t = 	488	484	485	486	485	484
