cuberoot of 27.0 is  3
f(e= 1, M = 0.570796 ) = 1.57042
Needs to settle down before timer is reliable
Sacrificial readings for Basic 

cbrt     ( 1, 0.570796 ) =     0.82952037262283  t = 	9	7	6	6	6	6
cbrt3    ( 1, 0.570796 ) =     0.82952037262283  t = 	11	11	11	12	12	12
sqrt     ( 1, 0.570796 ) =     0.75551063976287  t = 	2	2	2	2	2	2
exp      ( 1, 0.570796 ) =      1.7696757306774  t = 	3	3	3	3	3	3
log      ( 1, 0.570796 ) =     -0.5607228285878  t = 	5	5	5	5	5	5
cos      ( 1, 0.570796 ) =      0.8414709848079  t = 	4	4	4	4	4	4
sin      ( 1, 0.570796 ) =     0.54030230586814  t = 	4	4	4	4	4	4
tan      ( 1, 0.570796 ) =     0.64209261593433  t = 	5	5	5	5	5	5
S3       ( 1, 0.570796 ) =      1.5657473460759  t = 	36	36	36	36	36	37
S9       ( 1, 0.570796 ) =      1.5303459567797  t = 	10	10	10	10	10	10
S9s2     ( 1, 0.570796 ) =      1.5303459567797  t = 	7	7	7	7	7	7
S9t2     ( 1, 0.570796 ) =      1.5303459567797  t = 	9	9	9	9	9	9
S9t2p54  ( 1, 0.570796 ) =      1.5303459567797  t = 	16	16	16	16	16	16
Cubic    ( 1, 0.570796 ) =      1.5073385512667  t = 	71	71	71	71	72	74
Pade     ( 1, 0.570796 ) =      1.5666341508692  t = 	75	75	73	72	72	72
Basic    ( 1, 0.570796 ) =      1.5704240085038  t = 	239	236	242	240	238	249
Better   ( 1, 0.570796 ) =       1.570768887531  t = 	225	223	223	223	229	234
