
Compile options:  STRICT PURE FAST cbrt_ver 3

Cube root = 3 Ref3
Cube root = 0 syscbrt
Tag Function  	    Low Error	e		     M		     High Error		   e 		M	   Time
201 Verify_Cbrt   -5.55112e-16 0.02                 1.5707963268    4.44089e-16                    0 1e-24           71
Cube root = 1 Pow1/3
201 Verify_Cbrt   -1.31006e-14 0                    3.1215926536    1.95399e-14                  0.8 1e-150          58
Cube root = 2 expln
201 Verify_Cbrt   -4.15223e-14 0.98                 1e-150          3.61933e-14                  0.7 1e-150          52
Cube root = 3 Ref3
201 Verify_Cbrt   -5.55112e-16 0.02                 1.5707963268    4.44089e-16                    0 1e-24           68
Cube root = 4 asmcbrt
201 Verify_Cbrt   -5.55112e-16 0.02                 1.5707963268    4.44089e-16                    0 1e-24           68
Cube root = 5 Ncbrt3
201 Verify_Cbrt             -1 0                    1e-150          4.44089e-16                1e-06 2.6             42
Cube root = 6 Ncbrt4
201 Verify_Cbrt   -4.44089e-16 0.15                 1.3             4.44089e-16                    0 1e-24           47
Cube root = 7 Ndcbrt4
201 Verify_Cbrt   -5.55112e-16 0.999999999          0.02            4.44089e-16                1e-06 2.6             39
Cube root = 8 Nrcbrt4
201 Verify_Cbrt   -5.55112e-16 0.001                0.002           6.66134e-16                    0 1e-07           52
Cube root = 9 Ccbrt2
201 Verify_Cbrt             -1 0                    1e-30          7.34684e+110                    1 1e-150          48
Cube root = 10 Ccbrt5
201 Verify_Cbrt   -5.55112e-16 1e-06                2.6              2.2068e-08                  0.1 1e-15           64
Cube root = 11 BSD
201 Verify_Cbrt              0 0                    0                         0                    0 0               21#
Cube root = 12 GNU
201 Verify_Cbrt   -9.99201e-16 1e-06                5e-22           6.66134e-16                1e-06 0.1             58
Cube root = 13 Sun
201 Verify_Cbrt   -5.55112e-16 0.98                 2e-21           4.44089e-16                1e-06 1e-150          41
Cube root = 14 ret_x
201 Verify_Cbrt             -1 0                    1e-150          9.8696e+198                    0 3.1415926536    15