
Compile options:  STRICT PURE FAST cbrt_ver 3

Cube root = 3 Ref3
Timings for common operations x10^7 '#' is empty loop (+, -, * all x3 )

QT          # 0     0 0.000     0 0.000     0 0.000     0 0.000     0 0.000
QT          + 0     0 0.000     0 0.000     0 0.000     0 0.000     0 0.000
QT          - 0     0 0.000     0 0.000     0 0.000     0 0.000     0 0.000
QT          * 0     0 0.000     0 0.000     0 0.000     0 0.000     0 0.000
QT          / 0     0 0.000     0 0.000     0 0.000     0 0.000     0 0.000
QT          m 0     0 0.000     0 0.000     0 0.000     0 0.000     0 0.000
QT          d 0     0 0.000     0 0.000     0 0.000     0 0.000     0 0.000
QT          D 0     0 0.000     0 0.000     0 0.000     0 0.000     0 0.000
QT          M 0     0 0.000     0 0.000     0 0.000     0 0.000     0 0.000
QT        nop 0    10 0.037     8 0.030     7 0.026     7 0.026     7 0.026
QT   1/(1+x)* 0     9 0.035     9 0.034     9 0.035     9 0.035     9 0.035
QT 1/(1+x)**a 0    10 0.036    10 0.036    10 0.036    10 0.036    10 0.036
QT 1/(1+x) 24 0     9 0.035     9 0.035     9 0.035     9 0.035     9 0.035
QT    1/(1+x) 0     6 0.023     6 0.023     6 0.023     6 0.023     6 0.023
QT        abs 0     7 0.027     7 0.027     7 0.027     7 0.027     7 0.027
QT     fchsgn 0     6 0.023     6 0.023     6 0.023     6 0.023     6 0.023
QT        0-x 0     7 0.025     7 0.025     7 0.025     7 0.025     7 0.025
QT       sqrt 0     6 0.023     6 0.023     6 0.023     6 0.023     6 0.023
QT       atan 0    22 0.082    24 0.088    24 0.089    24 0.088    24 0.088
QT      atan2 0    40 0.149    40 0.147    40 0.146    41 0.152    41 0.152
QT        log 0    16 0.059    16 0.058    15 0.057    15 0.056    15 0.056
QT        exp 0    14 0.052    14 0.052    14 0.052    14 0.052    14 0.052
QT        sin 0    22 0.081    29 0.107    29 0.108    30 0.110    29 0.107
QT        cos 0    23 0.084    29 0.107    30 0.110    29 0.107    30 0.109
QT     sincos 0    35 0.129    43 0.159    43 0.158    43 0.159    43 0.158
QT        tan 0    28 0.102    30 0.110    30 0.110    30 0.110    31 0.113
QT        abs 0     7 0.027     7 0.027     7 0.027     7 0.027     7 0.027
QT   sys_cbrt 0    44 0.161    45 0.165    45 0.165    45 0.165    45 0.165
QT   ASM_cbrt 0    50 0.183    49 0.182    48 0.176    48 0.176    48 0.176
QT   Ref_cbrt 0    46 0.171    47 0.172    47 0.172    47 0.172    47 0.173
QT  Ref_cbrt2 0    39 0.145    39 0.145    39 0.144    39 0.145    39 0.144
QT  Ref_cbrt3 0    39 0.144    39 0.144    39 0.144    39 0.144    39 0.144
QT     N_cbrt 0    33 0.122    33 0.121    33 0.122    33 0.122    33 0.122
QT  N_r32cbrt 0    25 0.091    25 0.091    25 0.091    25 0.091    25 0.091
QT    N_cbrt3 0    27 0.100    27 0.101    27 0.101    27 0.100    27 0.101
QT    N_cbrt4 0    33 0.121    33 0.122    32 0.119    32 0.119    32 0.119
QT   N_cbrt4a 0    34 0.124    34 0.125    33 0.122    34 0.125    34 0.126
QT    C_cbrt5 0    46 0.168    46 0.169    46 0.169    46 0.169    46 0.169
QT    BSDcbrt 0     8 0.028     8 0.028     8 0.028     8 0.028     8 0.028
QT    GNUcbrt 0    46 0.170    46 0.168    45 0.165    44 0.162    44 0.162
QT    Suncbrt 0    23 0.085    24 0.089    24 0.089    24 0.089    24 0.089
QT     dcbrt4 0    24 0.090    24 0.090    23 0.086    23 0.086    23 0.086
QT    dcbrt4a 0    29 0.106    29 0.108    29 0.108    29 0.107    29 0.107
QT     dcbrt1 0    26 0.095    26 0.095    26 0.095    25 0.092    26 0.096
QT     rDcbrt 0    24 0.087    24 0.087    23 0.087    23 0.086    23 0.086
QT     P32sin 0     7 0.027     7 0.027     7 0.027     7 0.027     7 0.028
QT     P52sin 0     9 0.033     9 0.033     9 0.033     9 0.033     9 0.033
QT     P74sin 0    13 0.049    13 0.049    13 0.048    13 0.049    13 0.049
QT     P76sin 0    12 0.045    12 0.044    12 0.045    12 0.045    12 0.044
QT     P22cos 0     7 0.027     7 0.027     7 0.027     7 0.027     7 0.027
QT     P42cos 0     8 0.031     8 0.031     8 0.031     8 0.031     8 0.031
QT     P64cos 0    11 0.039    10 0.039    10 0.039    10 0.039    10 0.039
QT     P52tan 0     8 0.028     8 0.028     8 0.028     8 0.028     8 0.028
QT     P76tan 0    12 0.046    12 0.046    12 0.046    12 0.046    12 0.046
QT     P7_tan 0    12 0.045    12 0.045    12 0.045    12 0.045    12 0.045
QT     P9_sin 0     9 0.032     9 0.032     9 0.032     9 0.032     9 0.032
QT     P11sin 0    10 0.038    10 0.038    10 0.038    10 0.038    10 0.038
QT     P13sin 0    12 0.045    12 0.045    12 0.045    12 0.045    12 0.045
QT    P52Atan 0     8 0.028     8 0.029     8 0.029     8 0.029     8 0.029
QT  P{E-sinE} 0    28 0.104    29 0.106    28 0.105    29 0.105    28 0.105