cuberoot of 27.0 is  3
f(e= 1, M = 0.570796 ) = 1.57042
Needs to settle down before timer is reliable
Sacrificial readings for Basic 

cbrt     ( 1, 0.570796 ) =     0.82952037262283  t = 	10	10	10	10	10	10
cbrt3    ( 1, 0.570796 ) =     0.82952037262283  t = 	24	24	20	18	18	18
sqrt     ( 1, 0.570796 ) =     0.75551063976287  t = 	6	6	6	6	6	5
exp      ( 1, 0.570796 ) =      1.7696757306774  t = 	7	6	7	7	6	7
log      ( 1, 0.570796 ) =     -0.5607228285878  t = 	7	7	7	7	7	7
cos      ( 1, 0.570796 ) =      0.8414709848079  t = 	5	5	5	5	5	5
sin      ( 1, 0.570796 ) =     0.54030230586814  t = 	5	4	5	4	5	5
tan      ( 1, 0.570796 ) =     0.64209261593433  t = 	6	6	6	6	6	6
S3       ( 1, 0.570796 ) =      1.5657473460759  t = 	42	43	43	43	42	42
S9       ( 1, 0.570796 ) =      1.5303459567797  t = 	14	14	14	14	14	14
S9s2     ( 1, 0.570796 ) =      1.5303459567797  t = 	12	12	12	12	12	12
S9t2     ( 1, 0.570796 ) =      1.5303459567797  t = 	18	17	18	18	18	18
S9t2p54  ( 1, 0.570796 ) =      1.5303459567797  t = 	22	22	22	22	22	22
Cubic    ( 1, 0.570796 ) =      1.5073385512667  t = 	97	97	97	97	97	97
Pade     ( 1, 0.570796 ) =      1.5666341508692  t = 	98	98	98	98	100	98
Basic    ( 1, 0.570796 ) =      1.5704240085038  t = 	298	297	297	297	298	298
Better   ( 1, 0.570796 ) =       1.570768887531  t = 	296	297	292	293	293	293
