
Compile options:  STRICT PURE FAST cbrt_ver 3

Cube root = 3 Ref3
Tag Function  	    Low Error	e		     M		     High Error		   e 		M	   Time
200 Verify_Any    -3.03924e-15 0.999999999          0.0001          1.86327e-14   0.9999999999999998 1e-07         1484
201 Verify_Cbrt   -5.55112e-16 0.02                 1.5707963268    4.44089e-16                    0 1e-24          103
202 Verify_NRT    -9.93411e-09 1                    8e-24           2.98023e-08   0.9999999999999998 5e-24          495
203 Verify_HT     -1.36268e-08 1                    8e-24           9.79497e-09                    1 5e-24          516
204 Verify_D4T    -9.28325e-12 0.9999999899999999   0.5             2.83907e-13   0.9999999999999998 0.15           561
205 Verify_Sym               0 0                    0                         0                    0 0              691
206 Ver_Solver    -5.84365e-16 0.999999             1e-12           5.36263e-16                0.995 0.05           164
207 Verify_Ref    -4.44089e-16 0.005                2.2             4.44089e-16                 0.05 2.3            834
208 Verify_qSin   -2.06416e-10 1e-06                3.1415926436          1e-08                    0 3.1415926436    58
209 Q3R2          -3.48911e-06 1                    0               2.22045e-16                0.001 0               80
210 Verify_Cbrt   -5.55112e-16 0.02                 1.5707963268    4.44089e-16                    0 1e-24          104
211 Ver_f80       -4.77677e-16 0.995                3.1315926536    5.21224e-16              0.99999 3.1315926536  1162
212 Ver_Gfix      -2.29895e-16 0.9999999999999998   0.7             2.31513e-16                  0.9 0.9            884
213 VGfix80       -2.11591e-16 0.99999              1                1.7547e-16              0.99999 0.9            917
214 Ver_s2c2-1    -2.22045e-16 0.03                 0.57079632679   2.22045e-16                 0.99 3.1415926535    39
215 Ver_asins           -5e-09 0                    3.1415926436     6.5708e-09          0.999999999 1e-08           65
216 Ver_sinas     -5.55112e-17 1e-06                1.5707963268    5.55112e-17                0.002 1.5707963268    59
217 Ver_acosc     -1.11022e-16 0                    1.5             1.11022e-16                    0 0.9             53#
218 Ver_cosac     -1.11022e-16 0                    1.5             1.11022e-16                    0 0.9             70
219 Ver_atant     -5.55112e-17 0.001                1               5.55112e-17                0.005 1               78
220 Ver_tanat     -8.88178e-16 0                    3.1414926536    1.33227e-15                0.002 3.1315926536    77
221 Ver_logexp    -1.11022e-16 0                    0.7             1.11022e-16                1e-06 0.9             44
222 Ver_explog    -4.44089e-16 0                    3               4.44089e-16                    0 3.1315926536    45
223 Ver_sqrtx2    -4.44089e-16 0                    2               4.44089e-16                    0 2.9             11
224 Ver_^2sqrt               0 0                    0                         0                    0 0               11
225 Ver_cbrx3     -2.22045e-16 0.8474986            2.6             2.22045e-16                0.005 1.8             70
226 Ver ^3cbrt    -8.88178e-16 1e-06                3.1             8.88178e-16                    0 3.1415926536    74
227 Ver sin87                0 0                    0                         0                    0 0                7
228 Ver cos87                0 0                    0                         0                    0 0                7
229 Ver tan87                0 0                    0                         0                    0 0                7
230 Ver atan87               0 0                    0                         0                    0 0                7
231 Ver sincoss              0 0                    0                         0                    0 0                7
232 Ver sincosc              0 0                    0                         0                    0 0                7
233 Ver s2c287               0 0                    0                         0                    0 0                7
234 Ver s2c2a     -5.55112e-16 0.075                3.1             6.66134e-16                 0.05 3.1415926536    49
235 Ver s2c2b     -5.55112e-16 0.075                3.1             6.42715e-16                 0.05 3.1415926536    50