
Compile options:  STRICT PURE FAST cbrt_ver 3

Cube root = 3 Ref3
Quick Time e =           0.85

0           M 1      9 0.035     9 0.035     9 0.035     9 0.035     8 0.030
1       Basic 9    350 1.342   349 1.341   348 1.335   349 1.338   351 1.347
2      Better C    356 1.364   349 1.338   352 1.349   349 1.340   350 1.342
3        Best 0    369 1.417   371 1.423   369 1.417   371 1.423   368 1.414
4     BasicOp 5    364 1.399   368 1.413   368 1.411   369 1.415   370 1.422
5       Exact 4    851 3.264   888 3.406   868 3.331   844 3.237   829 3.181
6      D5_FLM 9    364 1.398   362 1.390   385 1.476   370 1.419   383 1.470
7       FLM95 5    248 0.950   247 0.947   244 0.937   243 0.934   241 0.927
8       DLB_B 2    234 0.898   239 0.918   235 0.900   239 0.917   239 0.918
9      DLB_BG A    232 0.892   227 0.870   226 0.869   221 0.848   220 0.845
10       Pade B    180 0.689   182 0.697   185 0.710   190 0.729   194 0.746
11      Cubic C    126 0.485   124 0.476   125 0.480   124 0.475   124 0.475
12     SM_Cub 6    175 0.671   169 0.649   169 0.649   171 0.657   172 0.661
13    SM_Pade 6    239 0.917   239 0.917   243 0.934   236 0.907   239 0.916
14     MTB_CC 8    233 0.893   221 0.849   228 0.874   240 0.921   246 0.945
15     MTB_RS 5    226 0.867   217 0.834   217 0.832   216 0.829   219 0.840
16     MTB_RF A    219 0.842   215 0.826   211 0.810   211 0.811   211 0.810
17   PadePi/4 8    220 0.846   236 0.906   227 0.871   222 0.851   230 0.882
18     DLB_MB C    292 1.122   294 1.130   292 1.120   289 1.110   302 1.157
19     Hybrid 4    233 0.891   223 0.856   215 0.825   248 0.952   219 0.841
20  Optimised 5    377 1.447   381 1.460   381 1.461   379 1.456   379 1.452
21     Polish E    890 3.414   903 3.466   884 3.390   863 3.309   856 3.285
22         D0 F    154 0.590   155 0.595   156 0.597   155 0.593   155 0.594
23         D1 1     34 0.130    34 0.129    34 0.130    34 0.131    34 0.132
24         S1 9      7 0.028     7 0.028     7 0.028     7 0.028     8 0.029
25      S1_85 6      7 0.028     7 0.028     7 0.028     7 0.029     7 0.029
26      S1_41 D      7 0.028     8 0.029     7 0.028     7 0.028     7 0.029
27      S1_50 0      7 0.028     7 0.028     7 0.028     7 0.029     7 0.028
28      S1_62 3      8 0.029     8 0.029     7 0.029     7 0.028     7 0.029
29         S3 9     54 0.209    52 0.201    53 0.205    52 0.200    52 0.201
30         S9 F     69 0.266    68 0.262    71 0.273    71 0.273    72 0.275
31       S9s2 D     57 0.219    55 0.209    54 0.206    54 0.208    53 0.202
32       S9t2 A     74 0.284    74 0.285    74 0.286    74 0.285    74 0.283
33    S9t2p54 C     28 0.106    28 0.107    28 0.109    29 0.111    28 0.109
34    S9t2p52 6     28 0.106    28 0.107    27 0.102    27 0.103    27 0.102
35        D3M 9     86 0.330    86 0.330    84 0.324    83 0.317    83 0.320
36   D3t2p54M C     29 0.112    29 0.111    29 0.111    29 0.111    30 0.115
37      M_D4M 0     99 0.381   100 0.384   100 0.382   102 0.390   103 0.397
38      D4t2M 4     88 0.339    90 0.345    91 0.350    91 0.348    88 0.336
39     D4t2pM 6     38 0.147    36 0.140    36 0.139    36 0.139    36 0.138
40      M_D5M 2    116 0.444   115 0.442   117 0.450   118 0.452   116 0.446
41      D5t2M C    107 0.410   105 0.404   105 0.403   105 0.401   105 0.404
42     D5t2pM 2     63 0.243    62 0.238    62 0.237    62 0.239    64 0.245
43      M_D6M B    204 0.783   202 0.774   204 0.783   203 0.780   202 0.777
44      M_D7M E    247 0.947   248 0.952   245 0.939   240 0.922   238 0.914
45      M_D8M 1    290 1.111   298 1.144   297 1.141   298 1.142   298 1.145
46      Basic 9    362 1.389   362 1.388   361 1.384   360 1.381   363 1.393
47     BasicE F    380 1.456   380 1.457   383 1.467   376 1.440   375 1.439
48   NR_Basic E    466 1.786   452 1.734   462 1.772   454 1.741   461 1.769
49   D3_Basic 4    450 1.727   452 1.732   449 1.723   451 1.730   453 1.738
50     BasicI 7    384 1.473   385 1.476   384 1.473   382 1.466   384 1.475
51   D380_Bas 0   1173 4.499  1173 4.501  1172 4.497  1170 4.487  1172 4.496
52 D3t2_Basic 5    455 1.747   459 1.762   458 1.757   458 1.756   459 1.759
53   BasOp_t2 F    414 1.589   415 1.591   417 1.600   416 1.597   417 1.599
54 D3_Basic2t 7    403 1.547   405 1.552   404 1.550   404 1.550   402 1.544
55   D4_Basic A    482 1.851   467 1.791   470 1.800   470 1.799   468 1.794
56     Better C    349 1.339   354 1.355   362 1.390   361 1.385   362 1.390
57  NR_Better B    462 1.772   461 1.770   458 1.755   458 1.756   457 1.755
58  D3_Better 1    462 1.772   464 1.781   462 1.774   452 1.735   447 1.713
59   BetterOp 1    407 1.563   412 1.582   419 1.607   403 1.547   403 1.546
60  D4_Better 7    474 1.817   475 1.823   473 1.816   474 1.817   478 1.835
61       Best 0    372 1.427   373 1.430   369 1.417   370 1.417   368 1.410
62    NR_Best 5    466 1.788   469 1.800   468 1.796   476 1.825   483 1.853
63    D3_Best B    468 1.795   475 1.821   480 1.841   468 1.797   473 1.814
64  D3t2_Best 1    475 1.821   485 1.861   474 1.820   471 1.808   474 1.818
65      BestI 4    403 1.546   396 1.519   396 1.518   408 1.567   410 1.574
66 Best2tp54Op 6    390 1.493   399 1.528   393 1.508   389 1.491   398 1.528
67    D4_Best 7    512 1.964   512 1.964   517 1.985   515 1.975   498 1.908
68      FLM95 5    240 0.919   240 0.922   237 0.908   233 0.894   239 0.917
69     NR_FLM D    365 1.400   364 1.395   365 1.401   357 1.367   364 1.397
70     D3_FLM 2    366 1.404   364 1.396   364 1.398   364 1.397   365 1.399
71     D4_FLM 8    393 1.507   395 1.516   393 1.507   391 1.500   393 1.507
72   D5_FLMop 5    376 1.443   374 1.436   376 1.443   376 1.443   374 1.435
73     DLB_BG A    228 0.874   230 0.882   227 0.872   229 0.879   228 0.876
74     NR_DLB D    352 1.351   354 1.356   359 1.376   357 1.370   357 1.368
75     D3_DLB 3    357 1.369   357 1.369   357 1.370   357 1.369   355 1.362
76     D4_DLB 9    377 1.447   376 1.442   376 1.444   376 1.441   376 1.443
77     D5_DLB F    397 1.523   400 1.534   405 1.553   399 1.532   400 1.533
78       NR80 C    460 1.764   457 1.754   458 1.759   455 1.744   452 1.733
79         NR 7     88 0.337    88 0.337    88 0.337    88 0.337    89 0.342
80        NR+ 3     88 0.337    88 0.338    88 0.337    88 0.338    89 0.343
81       NRt2 2     74 0.283    74 0.283    74 0.282    74 0.284    74 0.283
82   Halley80 6    842 3.231   847 3.249   843 3.234   848 3.253   846 3.245
83     Halley 1     91 0.347    90 0.346    90 0.345    91 0.348    90 0.345
84     Hall_s B    101 0.388    99 0.381    99 0.380    99 0.381    99 0.381
85     Hal_t2 0     81 0.311    81 0.310    81 0.309    81 0.310    81 0.310
86    D3t2p54 F     33 0.128    34 0.130    35 0.134    33 0.128    33 0.128
87       M_D4 5    135 0.517   135 0.518   137 0.526   136 0.520   135 0.519
88       D4t2 A    100 0.383    99 0.381    98 0.378    98 0.377    99 0.380
89    D4t2p32 6     47 0.180    46 0.175    46 0.176    46 0.175    46 0.176
90       M_D5 F    158 0.607   158 0.606   157 0.603   157 0.602   159 0.609
91       D5t2 4    106 0.407   107 0.409   108 0.412   106 0.408   107 0.409
92      MB_D6 B    221 0.847   221 0.847   222 0.851   219 0.840   220 0.844
93       D6t2 0    137 0.524   137 0.526   138 0.530   137 0.525   138 0.531
94      MB_D7 5    269 1.032   270 1.036   269 1.033   271 1.039   269 1.032
95       D7t2 A    170 0.651   170 0.652   170 0.654   171 0.654   170 0.652
96      MB_D8 F    264 1.012   275 1.055   274 1.049   275 1.055   273 1.049
97       D8t2 4    246 0.944   255 0.976   249 0.955   248 0.950   253 0.969
98     Dn_Mke C     82 0.314    83 0.320    81 0.311    81 0.310    80 0.309
99     NRoptK 0     85 0.328    86 0.331    82 0.316    83 0.319    85 0.327
100     D3optK 3     98 0.377    97 0.371    97 0.370    97 0.373    96 0.368
101     D4optK 0    140 0.537   141 0.539   141 0.540   142 0.543   140 0.539
102     D5optK E    165 0.631   163 0.625   164 0.627   164 0.630   164 0.629
103     D6optK A    224 0.859   217 0.834   223 0.855   221 0.849   223 0.855
104     MPadeK E    256 0.981   254 0.975   259 0.995   262 1.006   261 1.000
105     NRNRoK 7    195 0.747   197 0.756   198 0.758   194 0.745   195 0.748
106     NRtNRt 6    172 0.661   173 0.663   173 0.662   172 0.660   173 0.666
107     NRNRt2 C    199 0.762   198 0.758   204 0.781   203 0.777   203 0.780
108     NRt2NR 0    199 0.762   193 0.740   192 0.738   194 0.746   193 0.741
109       NRNR 8    196 0.752   195 0.748   196 0.753   195 0.746   195 0.748
110     NR(3x) E    299 1.147   299 1.147   300 1.150   298 1.145   296 1.135
111     NR(4x) 6    391 1.500   397 1.521   404 1.548   403 1.547   402 1.541
112    D4t2NRk 5    255 0.977   256 0.981   255 0.979   256 0.982   254 0.974
113    D4t2D3k 7    251 0.960   250 0.957   248 0.949   251 0.962   256 0.984
114    D4t2D4k 9    285 1.093   278 1.064   279 1.071   284 1.090   287 1.102
115      NR_S9 B    171 0.657   173 0.662   172 0.661   172 0.659   172 0.659
116      D3_S9 C    174 0.667   175 0.670   171 0.656   168 0.644   169 0.646
117    D3_S9t2 E    192 0.737   192 0.735   191 0.733   191 0.731   192 0.738
118  D3t2_S9t2 4    174 0.666   176 0.675   180 0.692   181 0.693   181 0.696
119    D3t2_S9 3    191 0.734   188 0.720   186 0.714   189 0.723   194 0.745
120 D3_S9t2p52 9    127 0.487   126 0.484   124 0.475   124 0.474   124 0.474
121 D3t2_S9t2p 2    125 0.481   125 0.480   126 0.481   126 0.484   125 0.481
122 D3t2p_S9t2p 7     75 0.288    75 0.287    75 0.288    76 0.292    75 0.287
123     D3_D4M 6    221 0.846   219 0.841   219 0.839   220 0.844   218 0.837
124     D4_D4M C    232 0.891   233 0.894   233 0.893   232 0.892   234 0.896
125   D4_D4t2p 1    166 0.636   166 0.636   165 0.635   166 0.635   166 0.637
126      D4_S3 0    179 0.686   179 0.686   178 0.682   180 0.689   178 0.683
127      D4_S9 1    213 0.819   213 0.816   213 0.817   214 0.820   213 0.817
128    D4t2_S9 8    217 0.834   219 0.839   218 0.835   217 0.833   219 0.841
129    D4t2_D4 0    234 0.897   233 0.895   234 0.899   234 0.896   235 0.901
130  D4_D5t2pM B    200 0.765   201 0.769   200 0.766   199 0.765   200 0.765
131      D5_S9 6    234 0.895   239 0.916   240 0.919   231 0.884   232 0.888
132    D5t2_S9 9    257 0.986   253 0.971   248 0.952   257 0.986   256 0.982
133  D5t2_S9t2 D    241 0.923   243 0.931   241 0.925   244 0.935   241 0.924
134    NR_D5t2 4    242 0.930   244 0.935   239 0.918   235 0.900   241 0.925
135     BasicE F    373 1.432   373 1.432   374 1.434   373 1.432   373 1.430
136 Basic(ref) 9    361 1.384   359 1.377   360 1.382   361 1.385   362 1.387
137     BasicQ A    374 1.436   374 1.436   374 1.434   375 1.439   375 1.437
138     BasicR B    349 1.339   350 1.342   346 1.325   337 1.293   340 1.303
139    _BasicS F    139 0.532   140 0.536   139 0.532   138 0.531   142 0.546
140    _BasicT D    304 1.167   303 1.161   304 1.165   301 1.155   303 1.161
141    BasicBM D    335 1.286   346 1.326   337 1.293   336 1.288   336 1.290
142    _BasicA 1    254 0.974   261 1.002   259 0.995   261 1.002   262 1.007
143     BasicZ 2    339 1.302   344 1.320   349 1.339   351 1.346   353 1.353
144   BasicF32 6    293 1.123   293 1.123   290 1.113   292 1.118   292 1.119
145   Bas2tp10 7    293 1.124   294 1.126   294 1.126   295 1.133   295 1.133
146   Bas2tp30 A    306 1.173   305 1.170   306 1.174   305 1.171   294 1.128
147   Bas2tp50 1    305 1.168   311 1.191   315 1.209   317 1.215   318 1.222
148   Bas2tp70 C    319 1.226   320 1.226   319 1.226   321 1.230   319 1.224
149   Bas2tp32 C    304 1.168   303 1.163   305 1.168   303 1.163   307 1.177
150 Basic2tp32x C    306 1.172   307 1.177   307 1.176   308 1.180   306 1.175
151   Bas2tp52 6    327 1.253   326 1.249   326 1.252   326 1.252   326 1.251
152 Basic2tp52y 1    309 1.185   311 1.191   304 1.167   308 1.183   310 1.188
153   Bas2tp54 6    319 1.225   321 1.230   318 1.221   319 1.226   319 1.223
154 NR_Bas2tp54 6    426 1.634   431 1.654   433 1.660   432 1.657   430 1.650
155 D4T_B2tp52 C    355 1.364   355 1.363   355 1.364   357 1.369   356 1.367
156 D3_Bas2tp54 B    422 1.618   422 1.618   423 1.623   421 1.617   420 1.613
157 D4_Bas2pt54 0    469 1.799   473 1.813   466 1.783   450 1.726   464 1.779
158 Basic2tp56 E    328 1.256   320 1.227   324 1.241   325 1.248   329 1.263
159   BasicP20 0    322 1.232   323 1.237   321 1.230   323 1.239   323 1.237
160   Basic20a C    309 1.182   318 1.217   314 1.202   304 1.167   306 1.174
161   BasicP30 5    303 1.161   302 1.159   301 1.157   304 1.164   302 1.157
162   BasicP40 F    301 1.155   304 1.165   308 1.182   307 1.178   309 1.183
163   BasicP50 1    305 1.171   306 1.172   304 1.168   306 1.173   305 1.171
164   BasicP60 D    322 1.235   320 1.229   320 1.229   320 1.226   321 1.231
165   BasicP70 F    354 1.359   353 1.353   353 1.353   351 1.346   339 1.300
166   BasicP80 0    363 1.392   364 1.395   365 1.399   365 1.401   365 1.401
167   BasicP90 E    377 1.445   374 1.436   376 1.444   376 1.442   376 1.443
168   BasicP32 9    324 1.243   324 1.242   318 1.218   314 1.203   323 1.239
169  BasicP32a 8    331 1.269   329 1.261   331 1.269   330 1.266   330 1.266
170   BasP32ND 2    312 1.195   313 1.202   312 1.198   313 1.200   314 1.206
171   BasP52ND 7    309 1.185   309 1.185   307 1.179   309 1.184   308 1.183
172         D1 1     34 0.129    34 0.132    34 0.131    34 0.129    34 0.130
173      NR_D1 4    121 0.464   121 0.464   123 0.471   121 0.464   121 0.464
174      D3_D1 9    125 0.481   125 0.481   127 0.487   126 0.483   127 0.485
175    D3t2_D1 E    125 0.479   121 0.465   122 0.469   122 0.468   122 0.467
176      D4_D1 3    162 0.620   160 0.613   159 0.611   154 0.592   156 0.598
177    D4t2_D1 8    131 0.501   132 0.505   129 0.494   130 0.499   131 0.501
178      D5_D1 2    189 0.725   191 0.731   191 0.731   188 0.723   189 0.724
179    D5t2_D1 D    176 0.674   177 0.677   176 0.676   175 0.672   178 0.683
180      D6_D1 9    245 0.941   253 0.972   244 0.937   248 0.949   250 0.959
181      D7_D1 0    309 1.186   305 1.171   302 1.159   300 1.150   301 1.156
182      D8_D1 7    328 1.257   328 1.259   326 1.250   328 1.259   327 1.256
183    D3D4_D1 3    258 0.986   256 0.981   259 0.990   266 1.020   261 1.001
184 D4t2D3t2D1 A    257 0.986   255 0.978   256 0.984   255 0.977   256 0.981
185 D3t2D4t2D1 3    251 0.964   259 0.992   261 1.001   260 0.998   257 0.984
186     DCubic 0    170 0.653   171 0.654   169 0.646   163 0.626   165 0.634
187      Dpade 1    179 0.686   179 0.688   178 0.682   178 0.684   180 0.689
188          _ 1      7 0.029     7 0.028     7 0.028     7 0.029     7 0.028
189          _ 1      7 0.029     8 0.029     8 0.029     7 0.028     7 0.028
190          _ 1      7 0.028     7 0.028     7 0.028     7 0.028     7 0.028
191          _ 1      7 0.029     7 0.028     7 0.028     7 0.028     7 0.028
192          _ 1      7 0.028     8 0.029     7 0.028     7 0.028     7 0.028
193     _a.e^N 3     25 0.097    26 0.100    25 0.097    26 0.099    25 0.097
194    _GFix80 D    200 0.769   201 0.769   200 0.767   200 0.766   200 0.766
195    _GFixup 2    125 0.480   125 0.480   126 0.485   125 0.480   125 0.479
196    _MFixup 7     83 0.317    82 0.313    82 0.313    84 0.321    83 0.320
197    _FLMFix C     22 0.085    22 0.086    22 0.086    23 0.086    22 0.085
198   _CubicBM 3    140 0.537   139 0.534   140 0.536   140 0.538   139 0.534
199    _SolveC 2    137 0.523   138 0.528   136 0.523   136 0.522   136 0.521