
Compile options:  STRICT PURE FAST cbrt_ver 3

Cube root = 3 Ref3
Timings for common operations x10^7 '#' is empty loop (+, -, * all x3 )

QT          # 0     0 0.000     0 0.000     0 0.000     0 0.000     0 0.000
QT          + 0     0 0.000     0 0.000     0 0.000     0 0.000     0 0.000
QT          - 0     0 0.000     0 0.000     0 0.000     0 0.000     0 0.000
QT          * 0     0 0.000     0 0.000     0 0.000     0 0.000     0 0.000
QT          / 0     0 0.000     0 0.000     0 0.000     0 0.000     0 0.000
QT          m 0     0 0.000     0 0.000     0 0.000     0 0.000     0 0.000
QT          d 0     0 0.000     0 0.000     0 0.000     0 0.000     0 0.000
QT          D 0     0 0.000     0 0.000     0 0.000     0 0.000     0 0.000
QT          M 0     0 0.000     0 0.000     0 0.000     0 0.000     0 0.000
QT        nop 0    10 0.039    10 0.039    10 0.039    10 0.039     9 0.034
QT   1/(1+x)* 0    13 0.048    12 0.048    12 0.045    12 0.045    12 0.046
QT 1/(1+x)**a 0    11 0.042    11 0.042    11 0.042    11 0.042    11 0.043
QT 1/(1+x) 24 0    11 0.041    11 0.041    11 0.041    11 0.041    11 0.041
QT    1/(1+x) 0    11 0.042    11 0.043    11 0.042    11 0.042    11 0.042
QT        abs 0     8 0.033     9 0.033     8 0.033     9 0.033     9 0.033
QT     fchsgn 0     7 0.027     7 0.027     7 0.027     7 0.027     7 0.027
QT        0-x 0     8 0.031     8 0.031     8 0.030     8 0.030     8 0.030
QT       sqrt 0    11 0.042    11 0.042    11 0.042    11 0.043    11 0.043
QT       atan 0    31 0.120    35 0.134    35 0.133    35 0.133    35 0.134
QT      atan2 0    51 0.197    52 0.201    53 0.204    52 0.201    52 0.202
QT        log 0    19 0.074    19 0.075    20 0.076    19 0.075    20 0.075
QT        exp 0    19 0.073    19 0.074    19 0.073    19 0.073    19 0.072
QT        sin 0    31 0.119    43 0.165    41 0.158    43 0.165    41 0.158
QT        cos 0    32 0.125    43 0.167    45 0.172    44 0.167    45 0.171
QT     sincos 0    44 0.168    57 0.219    57 0.218    57 0.219    57 0.219
QT        tan 0    38 0.144    40 0.154    41 0.157    40 0.155    40 0.154
QT        abs 0     9 0.033     8 0.033     9 0.033     9 0.033     8 0.032
QT   sys_cbrt 0    56 0.214    55 0.212    58 0.221    60 0.229    58 0.224
QT   ASM_cbrt 0    73 0.281    73 0.279    75 0.286    73 0.282    74 0.285
QT   Ref_cbrt 0    60 0.230    62 0.238    62 0.237    60 0.231    59 0.227
QT  Ref_cbrt2 0    54 0.205    54 0.207    54 0.208    54 0.207    54 0.206
QT  Ref_cbrt3 0    56 0.213    54 0.207    54 0.206    54 0.206    53 0.205
QT     N_cbrt 0    45 0.174    45 0.172    45 0.172    46 0.175    45 0.171
QT  N_r32cbrt 0    31 0.120    33 0.125    32 0.121    31 0.119    31 0.120
QT    N_cbrt3 0    36 0.138    36 0.137    35 0.134    35 0.135    36 0.136
QT    N_cbrt4 0    39 0.152    40 0.152    39 0.150    38 0.148    38 0.147
QT   N_cbrt4a 0    40 0.153    39 0.151    37 0.140    39 0.151    39 0.149
QT    C_cbrt5 0    86 0.331    87 0.333    85 0.328    85 0.327    86 0.329
QT    BSDcbrt 0    13 0.051    13 0.051    13 0.051    13 0.051    14 0.052
QT    GNUcbrt 0    59 0.228    58 0.222    58 0.224    58 0.223    58 0.224
QT    Suncbrt 0    37 0.142    36 0.139    37 0.141    38 0.145    38 0.146
QT     dcbrt4 0    40 0.152    40 0.154    38 0.146    37 0.144    38 0.144
QT    dcbrt4a 0    42 0.161    42 0.162    42 0.162    42 0.161    42 0.161
QT     dcbrt1 0    39 0.149    39 0.150    39 0.148    39 0.150    38 0.147
QT     rDcbrt 0    37 0.141    39 0.149    36 0.139    33 0.126    33 0.128
QT     P32sin 0    12 0.048    12 0.045    12 0.044    13 0.048    12 0.046
QT     P52sin 0    12 0.044    12 0.044    12 0.044    12 0.044    12 0.044
QT     P74sin 0    15 0.056    15 0.057    15 0.057    15 0.058    15 0.059
QT     P76sin 0    15 0.056    14 0.054    14 0.054    14 0.055    14 0.055
QT     P22cos 0    12 0.045    11 0.044    12 0.045    12 0.045    11 0.044
QT     P42cos 0    12 0.044    12 0.044    11 0.044    12 0.044    11 0.044
QT     P64cos 0    13 0.048    13 0.048    13 0.048    13 0.049    12 0.048
QT     P52tan 0    11 0.044    12 0.044    12 0.045    12 0.044    12 0.044
QT     P76tan 0    13 0.052    13 0.052    14 0.052    14 0.052    14 0.054
QT     P7_tan 0    16 0.061    16 0.061    16 0.061    16 0.061    16 0.061
QT     P9_sin 0    12 0.044    12 0.044    12 0.044    12 0.046    12 0.047
QT     P11sin 0    13 0.052    13 0.050    13 0.050    13 0.050    13 0.050
QT     P13sin 0    15 0.059    16 0.060    15 0.058    16 0.061    15 0.058
QT    P52Atan 0    12 0.044    12 0.044    12 0.044    12 0.044    12 0.044
QT  P{E-sinE} 0   113 0.435   115 0.443   117 0.449   116 0.444   116 0.444