
Compile options:  STRICT PURE FAST cbrt_ver 3

Cube root = 3 Ref3
Quick Time e =           0.85

0           M 1      9 0.025     8 0.024     8 0.024     8 0.023     9 0.024
1       Basic 9    503 1.439   504 1.442   503 1.439   507 1.449   503 1.439
2      Better C    503 1.439   504 1.441   505 1.443   514 1.469   520 1.485
3        Best 0    540 1.542   543 1.552   543 1.553   530 1.514   537 1.534
4     BasicOp 5    535 1.531   538 1.538   540 1.543   549 1.569   550 1.572
5       Exact 4   1130 3.229  1116 3.190  1115 3.187  1114 3.185  1117 3.193
6      D5_FLM 9    608 1.739   610 1.744   609 1.741   611 1.746   620 1.773
7       FLM95 5    413 1.182   413 1.181   415 1.188   414 1.184   416 1.189
8       DLB_B 2    313 0.895   314 0.899   315 0.901   314 0.899   314 0.899
9      DLB_BG A    315 0.902   316 0.902   316 0.903   316 0.904   314 0.898
10       Pade B    285 0.815   285 0.815   284 0.813   284 0.812   285 0.815
11      Cubic C    197 0.563   200 0.573   201 0.576   197 0.563   198 0.565
12     SM_Cub 6    298 0.851   299 0.855   298 0.854   298 0.854   298 0.853
13    SM_Pade 6    365 1.044   366 1.047   366 1.047   366 1.045   366 1.047
14     MTB_CC 8    342 0.977   341 0.977   341 0.976   341 0.976   341 0.976
15     MTB_RS 5    298 0.853   300 0.857   298 0.854   298 0.852   300 0.857
16     MTB_RF A    304 0.868   303 0.868   303 0.868   301 0.862   303 0.867
17   PadePi/4 8    339 0.969   340 0.971   338 0.967   339 0.968   340 0.972
18     DLB_MB C    409 1.170   409 1.169   408 1.168   408 1.167   409 1.170
19     Hybrid 4    327 0.936   328 0.939   329 0.940   331 0.945   334 0.955
20  Optimised 5    511 1.460   523 1.494   518 1.480   517 1.477   522 1.492
21     Polish E   1156 3.305  1139 3.256  1120 3.204  1120 3.203  1120 3.203
22         D0 F    264 0.756   264 0.756   263 0.753   265 0.758   265 0.757
23         D1 1     58 0.165    58 0.166    59 0.168    58 0.166    58 0.166
24         S1 9      9 0.026     9 0.026     9 0.026     9 0.026     9 0.026
25      S1_85 6      9 0.026     9 0.026     9 0.025     9 0.026     9 0.025
26      S1_41 D      9 0.026     9 0.026     9 0.025     9 0.025     9 0.026
27      S1_50 0      9 0.025     9 0.025     9 0.026     9 0.026     9 0.026
28      S1_62 3      9 0.026     9 0.025     9 0.027     9 0.026     9 0.025
29         S3 9     76 0.218    76 0.217    77 0.221    77 0.219    76 0.218
30         S9 F    110 0.315   109 0.311   109 0.313   110 0.315   109 0.313
31       S9s2 D     78 0.223    79 0.227    78 0.224    78 0.223    78 0.224
32       S9t2 A    102 0.292   101 0.288   101 0.290   105 0.300   102 0.291
33    S9t2p54 C     42 0.120    44 0.127    41 0.117    41 0.118    47 0.128
34    S9t2p52 6     44 0.119    40 0.115    50 0.143    45 0.128    45 0.129
35        D3M 9    129 0.368   128 0.366   127 0.363   134 0.382   151 0.432
36   D3t2p54M C     44 0.124    42 0.121    43 0.123    42 0.121    43 0.124
37      M_D4M 0    183 0.522   181 0.516   168 0.482   167 0.477   165 0.471
38      D4t2M 4    126 0.359   126 0.361   126 0.361   126 0.362   127 0.364
39     D4t2pM 6     53 0.152    54 0.153    53 0.151    53 0.152    54 0.155
40      M_D5M 2    200 0.571   200 0.572   200 0.572   201 0.576   204 0.584
41      D5t2M C    166 0.474   160 0.458   161 0.460   176 0.501   162 0.462
42     D5t2pM 2     94 0.268    95 0.271    93 0.267    93 0.267    93 0.267
43      M_D6M B    267 0.762   267 0.764   278 0.795   271 0.776   272 0.778
44      M_D7M E    330 0.945   331 0.946   329 0.942   328 0.937   326 0.933
45      M_D8M 1    415 1.186   411 1.174   404 1.154   407 1.165   406 1.160
46      Basic 9    508 1.451   505 1.443   506 1.446   503 1.439   504 1.441
47     BasicE F    515 1.473   517 1.477   514 1.470   517 1.478   514 1.471
48   NR_Basic E    651 1.861   652 1.863   650 1.858   651 1.861   649 1.857
49   D3_Basic 4    661 1.890   653 1.869   654 1.869   654 1.871   653 1.868
50     BasicI 7    536 1.532   535 1.529   543 1.553   541 1.548   536 1.532
51   D380_Bas 0   1566 4.477  1562 4.467  1559 4.457  1557 4.454  1561 4.464
52 D3t2_Basic 5    663 1.894   663 1.894   664 1.898   665 1.902   663 1.896
53   BasOp_t2 F    578 1.654   579 1.655   580 1.657   577 1.649   579 1.657
54 D3_Basic2t 7    564 1.612   566 1.617   565 1.615   564 1.612   565 1.616
55   D4_Basic A    701 2.005   701 2.005   703 2.010   703 2.011   703 2.009
56     Better C    507 1.448   504 1.441   505 1.444   505 1.442   505 1.444
57  NR_Better B    654 1.870   653 1.866   656 1.877   652 1.863   653 1.866
58  D3_Better 1    657 1.878   655 1.873   656 1.876   657 1.880   655 1.872
59   BetterOp 1    654 1.869   653 1.866   653 1.866   652 1.864   660 1.886
60  D4_Better 7    723 2.066   724 2.068   732 2.093   718 2.052   707 2.020
61       Best 0    533 1.524   527 1.506   527 1.507   532 1.520   528 1.510
62    NR_Best 5    682 1.950   680 1.945   679 1.942   679 1.941   678 1.940
63    D3_Best B    686 1.960   685 1.959   685 1.958   684 1.957   685 1.959
64  D3t2_Best 1    688 1.968   687 1.965   687 1.965   687 1.965   688 1.967
65      BestI 4    565 1.615   569 1.628   582 1.662   590 1.687   568 1.623
66 Best2tp54Op 6    563 1.610   558 1.594   556 1.589   557 1.592   554 1.584
67    D4_Best 7    736 2.104   736 2.105   740 2.113   740 2.114   746 2.128
68      FLM95 5    414 1.183   413 1.181   413 1.180   413 1.181   413 1.182
69     NR_FLM D    559 1.600   558 1.595   559 1.597   558 1.595   558 1.596
70     D3_FLM 2    566 1.620   566 1.620   566 1.617   567 1.621   568 1.623
71     D4_FLM 8    619 1.771   619 1.771   621 1.776   620 1.773   619 1.771
72   D5_FLMop 5    613 1.753   613 1.752   612 1.750   615 1.758   614 1.757
73     DLB_BG A    316 0.903   315 0.900   314 0.899   316 0.903   315 0.902
74     NR_DLB D    477 1.365   478 1.366   477 1.364   476 1.362   476 1.360
75     D3_DLB 3    482 1.377   481 1.375   482 1.377   486 1.390   485 1.386
76     D4_DLB 9    525 1.501   520 1.487   525 1.502   521 1.489   527 1.507
77     D5_DLB F    561 1.604   558 1.596   573 1.636   547 1.565   548 1.566
78       NR80 C    604 1.727   602 1.721   600 1.716   603 1.726   604 1.727
79         NR 7    135 0.385   132 0.377   131 0.376   133 0.381   131 0.376
80        NR+ 3    137 0.392   135 0.386   138 0.394   135 0.385   135 0.387
81       NRt2 2    112 0.319   111 0.317   112 0.321   111 0.318   111 0.319
82   Halley80 6   1080 3.089  1077 3.080  1077 3.080  1072 3.067  1081 3.091
83     Halley 1    145 0.414   144 0.413   148 0.422   142 0.406   149 0.425
84     Hall_s B    149 0.427   154 0.441   143 0.410   143 0.408   143 0.408
85     Hal_t2 0    127 0.362   123 0.351   135 0.384   129 0.370   124 0.355
86    D3t2p54 F     48 0.137    48 0.139    50 0.142    49 0.139    47 0.136
87       M_D4 5    185 0.530   188 0.539   188 0.537   196 0.559   189 0.539
88       D4t2 A    148 0.424   148 0.424   149 0.427   148 0.423   149 0.427
89    D4t2p32 6     63 0.180    63 0.181    64 0.182    64 0.184    64 0.183
90       M_D5 F    225 0.643   226 0.645   223 0.637   225 0.642   223 0.639
91       D5t2 4    150 0.428   151 0.430   149 0.427   152 0.436   149 0.426
92      MB_D6 B    279 0.799   287 0.820   286 0.817   285 0.815   282 0.807
93       D6t2 0    199 0.570   196 0.561   197 0.563   194 0.556   196 0.560
94      MB_D7 5    346 0.989   346 0.988   347 0.992   345 0.987   345 0.988
95       D7t2 A    231 0.660   227 0.650   230 0.658   229 0.655   226 0.646
96      MB_D8 F    378 1.080   378 1.081   377 1.080   377 1.077   375 1.074
97       D8t2 4    362 1.036   361 1.034   360 1.030   360 1.030   360 1.031
98     Dn_Mke C    132 0.378   131 0.374   133 0.382   133 0.379   131 0.374
99     NRoptK 0    131 0.374   131 0.374   133 0.380   131 0.374   132 0.378
100     D3optK 3    145 0.416   147 0.420   145 0.414   146 0.417   145 0.413
101     D4optK 0    192 0.548   193 0.553   193 0.551   193 0.552   193 0.551
102     D5optK E    227 0.650   224 0.641   225 0.645   226 0.647   225 0.644
103     D6optK A    279 0.799   281 0.803   278 0.795   280 0.801   278 0.794
104     MPadeK E    360 1.030   369 1.056   369 1.056   364 1.042   361 1.032
105     NRNRoK 7    292 0.834   289 0.825   286 0.818   283 0.809   283 0.811
106     NRtNRt 6    251 0.717   250 0.716   250 0.715   250 0.716   250 0.714
107     NRNRt2 C    285 0.816   283 0.809   289 0.826   287 0.820   283 0.810
108     NRt2NR 0    274 0.783   273 0.781   274 0.783   272 0.778   274 0.784
109       NRNR 8    285 0.816   285 0.814   285 0.815   285 0.814   285 0.814
110     NR(3x) E    433 1.237   434 1.240   435 1.244   432 1.236   435 1.243
111     NR(4x) 6    582 1.665   579 1.657   585 1.672   586 1.677   589 1.684
112    D4t2NRk 5    352 1.006   347 0.993   347 0.992   348 0.996   349 0.997
113    D4t2D3k 7    361 1.031   360 1.031   363 1.037   365 1.039   361 1.033
114    D4t2D4k 9    394 1.125   400 1.144   403 1.147   408 1.159   427 1.176
115      NR_S9 B    297 0.809   268 0.766   266 0.761   279 0.779   283 0.807
116      D3_S9 C    306 0.836   305 0.829   269 0.768   293 0.816   302 0.861
117    D3_S9t2 E    301 0.859   288 0.823   286 0.817   286 0.816   286 0.817
118  D3t2_S9t2 4    270 0.771   270 0.771   269 0.769   271 0.774   268 0.766
119    D3t2_S9 3    275 0.787   275 0.786   273 0.780   276 0.789   273 0.781
120 D3_S9t2p52 9    189 0.541   191 0.546   189 0.541   191 0.545   191 0.546
121 D3t2_S9t2p 2    193 0.553   195 0.558   192 0.550   195 0.557   194 0.555
122 D3t2p_S9t2p 7    116 0.333   120 0.342   118 0.339   118 0.336   119 0.340
123     D3_D4M 6    325 0.929   324 0.928   326 0.931   324 0.927   324 0.927
124     D4_D4M C    337 0.964   335 0.957   328 0.938   329 0.940   328 0.938
125   D4_D4t2p 1    256 0.733   256 0.732   256 0.733   255 0.729   254 0.727
126      D4_S3 0    268 0.767   268 0.765   265 0.759   266 0.761   265 0.759
127      D4_S9 1    315 0.901   314 0.897   313 0.895   315 0.900   314 0.898
128    D4t2_S9 8    302 0.863   302 0.862   303 0.865   301 0.862   301 0.861
129    D4t2_D4 0    337 0.964   337 0.964   336 0.961   337 0.964   337 0.964
130  D4_D5t2pM B    291 0.831   291 0.831   292 0.834   290 0.829   290 0.831
131      D5_S9 6    346 0.990   346 0.991   349 0.997   347 0.993   346 0.990
132    D5t2_S9 9    355 1.014   356 1.018   356 1.018   356 1.018   357 1.021
133  D5t2_S9t2 D    344 0.982   351 1.002   358 1.021   415 1.182   395 1.126
134    NR_D5t2 4    387 1.105   393 1.121   386 1.102   394 1.124   384 1.097
135     BasicE F    550 1.569   580 1.655   563 1.579   550 1.541   553 1.579
136 Basic(ref) 9    512 1.465   516 1.475   514 1.470   515 1.472   516 1.474
137     BasicQ A    546 1.560   545 1.559   547 1.562   542 1.550   543 1.552
138     BasicR B    514 1.469   519 1.484   526 1.503   500 1.430   498 1.424
139    _BasicS F    228 0.653   230 0.657   230 0.657   230 0.657   230 0.659
140    _BasicT D    435 1.245   439 1.254   437 1.249   435 1.244   436 1.247
141    BasicBM D    489 1.399   494 1.411   490 1.400   490 1.401   492 1.408
142    _BasicA 1    375 1.073   381 1.089   382 1.094   393 1.122   383 1.095
143     BasicZ 2    534 1.525   503 1.437   505 1.443   503 1.438   498 1.425
144   BasicF32 6    399 1.142   399 1.142   398 1.138   398 1.137   401 1.148
145   Bas2tp10 7    403 1.154   405 1.157   404 1.155   407 1.163   403 1.153
146   Bas2tp30 A    414 1.185   418 1.196   416 1.189   414 1.183   414 1.183
147   Bas2tp50 1    431 1.231   432 1.235   429 1.226   430 1.229   433 1.240
148   Bas2tp70 C    433 1.238   432 1.235   432 1.236   435 1.243   429 1.228
149   Bas2tp32 C    412 1.179   415 1.185   415 1.186   412 1.178   415 1.187
150 Basic2tp32x C    422 1.206   436 1.246   443 1.266   428 1.224   431 1.233
151   Bas2tp52 6    440 1.259   437 1.248   440 1.257   437 1.250   440 1.257
152 Basic2tp52y 1    421 1.204   427 1.214   436 1.236   421 1.205   442 1.254
153   Bas2tp54 6    460 1.313   448 1.280   453 1.294   453 1.296   447 1.277
154 NR_Bas2tp54 6    611 1.745   600 1.717   603 1.725   603 1.724   606 1.732
155 D4T_B2tp52 C    500 1.431   503 1.439   499 1.427   502 1.436   500 1.429
156 D3_Bas2tp54 B    611 1.747   609 1.743   609 1.740   609 1.741   609 1.741
157 D4_Bas2pt54 0    652 1.864   650 1.860   651 1.860   655 1.872   654 1.869
158 Basic2tp56 E    449 1.285   450 1.287   450 1.286   449 1.283   452 1.292
159   BasicP20 0    441 1.262   442 1.263   448 1.281   438 1.251   436 1.246
160   Basic20a C    431 1.231   420 1.202   414 1.185   416 1.190   417 1.193
161   BasicP30 5    418 1.194   416 1.190   415 1.187   416 1.190   417 1.191
162   BasicP40 F    417 1.193   419 1.197   417 1.193   419 1.198   417 1.193
163   BasicP50 1    417 1.192   419 1.199   419 1.199   418 1.197   418 1.195
164   BasicP60 D    436 1.246   434 1.240   433 1.239   432 1.235   433 1.239
165   BasicP70 F    488 1.395   487 1.394   484 1.385   493 1.411   487 1.393
166   BasicP80 0    514 1.469   512 1.463   512 1.465   514 1.471   511 1.461
167   BasicP90 E    529 1.514   532 1.521   530 1.514   523 1.496   528 1.509
168   BasicP32 9    456 1.305   457 1.308   454 1.298   447 1.278   450 1.286
169  BasicP32a 8    462 1.321   470 1.344   464 1.327   461 1.317   458 1.310
170   BasP32ND 2    423 1.210   435 1.243   426 1.218   423 1.210   425 1.215
171   BasP52ND 7    420 1.201   418 1.195   420 1.202   418 1.196   419 1.199
172         D1 1     58 0.165    59 0.168    59 0.168    58 0.167    58 0.167
173      NR_D1 4    199 0.569   197 0.564   194 0.554   197 0.564   194 0.554
174      D3_D1 9    206 0.590   205 0.586   206 0.589   207 0.593   206 0.590
175    D3t2_D1 E    191 0.546   193 0.551   192 0.549   190 0.542   188 0.538
176      D4_D1 3    238 0.681   239 0.684   238 0.680   240 0.688   237 0.678
177    D4t2_D1 8    242 0.691   231 0.660   233 0.666   234 0.669   231 0.661
178      D5_D1 2    270 0.773   271 0.774   270 0.773   276 0.788   270 0.772
179    D5t2_D1 D    257 0.734   259 0.741   260 0.743   259 0.740   257 0.736
180      D6_D1 9    326 0.931   330 0.945   328 0.937   326 0.933   327 0.934
181      D7_D1 0    390 1.114   391 1.117   410 1.170   406 1.158   388 1.110
182      D8_D1 7    454 1.300   458 1.310   458 1.310   454 1.298   455 1.301
183    D3D4_D1 3    397 1.135   395 1.130   396 1.133   395 1.130   395 1.129
184 D4t2D3t2D1 A    405 1.159   405 1.158   406 1.162   408 1.167   406 1.160
185 D3t2D4t2D1 3    376 1.075   381 1.088   379 1.085   376 1.076   376 1.076
186     DCubic 0    254 0.727   254 0.726   255 0.728   254 0.726   253 0.723
187      Dpade 1    274 0.784   275 0.786   273 0.780   275 0.786   274 0.783
188          _ 1      8 0.024     8 0.024     8 0.024     8 0.023     8 0.023
189          _ 1      8 0.023     8 0.024     8 0.023     8 0.023     8 0.024
190          _ 1      8 0.024     8 0.023     8 0.024     8 0.023     8 0.023
191          _ 1      9 0.025     9 0.025     8 0.024     8 0.024     8 0.024
192          _ 1      8 0.024    10 0.028     8 0.024     8 0.024     8 0.024
193     _a.e^N 3     35 0.101    36 0.102    36 0.102    35 0.101    36 0.102
194    _GFix80 D    267 0.762   266 0.760   265 0.758   269 0.769   268 0.767
195    _GFixup 2    211 0.604   211 0.603   209 0.599   211 0.604   211 0.602
196    _MFixup 7    127 0.363   130 0.370   130 0.372   128 0.366   130 0.372
197    _FLMFix C     31 0.090    31 0.089    31 0.089    31 0.088    31 0.088
198   _CubicBM 3    237 0.679   236 0.675   237 0.678   237 0.677   236 0.676
199    _SolveC 2    215 0.616   215 0.614   212 0.606   211 0.604   214 0.612