
Compile options:  STRICT PURE FAST Apple M1/M2 Compiler Verion 12.0.0 (clang-1200.0.32.29) build 12000032 cbrt_ver 3

Cube root = 3 Ref3
Cube root = 0 syscbrt
141    BasicBM F  1.502 1.510 1.536 1.555 1.597
Cube root = 1 Pow1/3
141    BasicBM F  1.426 1.439 1.460 1.465 1.474
Cube root = 2 expln
141    BasicBM F  1.465 1.405 1.400 1.437 1.409
Cube root = 3 Ref3
141    BasicBM F  1.537 1.500 1.501 1.499 1.497
Cube root = 4 asmcbrt
141    BasicBM F  1.501 1.510 1.504 1.502 1.497
Cube root = 5 Ncbrt3
141    BasicBM F  1.294 1.306 1.289 1.289 1.289
Cube root = 6 Ncbrt4
141    BasicBM F  1.361 1.372 1.362 1.365 1.370
Cube root = 7 Ndcbrt4
141    BasicBM F  1.299 1.312 1.305 1.308 1.310
Cube root = 8 Nrcbrt4
141    BasicBM F  1.446 1.456 1.451 1.449 1.440
Cube root = 9 Ccbrt2
141    BasicBM F  1.346 1.344 1.340 1.343 1.342
Cube root = 10 Ccbrt5
141    BasicBM F  1.601 1.591 1.593 1.584 1.588
Cube root = 11 BSD fail e =                     0.85 M =                        0
141    BasicBM F  1.377   fail                      nan                      nan
		 1.330   fail                      nan                      nan
		 1.322   fail                      nan                      nan
		 1.308   fail                      nan                      nan
		 1.308   fail                      nan                      nan
		fail count = 60000000

Cube root = 12 GNU
141    BasicBM F  1.309 1.304 1.304 1.309 1.307
Cube root = 13 Sun
141    BasicBM F  1.307 1.321 1.339 1.326 1.324
Cube root = 14 ret_x
141    BasicBM F  0.944 0.943 0.949 0.946 0.948
Cube root = 3 Ref3