
Compile options:  STRICT PURE FAST Apple M1/M2 Compiler Verion 12.0.0 (clang-1200.0.32.29) build 12000032 cbrt_ver 3

Cube root = 3 Ref3
Tag Function  	    Low Error	e		     M		     High Error		   e 		M	   Time
200 Verify_Any    -3.03924e-15 0.999999999          0.0001          1.86327e-14   0.9999999999999998 1e-07         1166
201 Verify_Cbrt   -5.55112e-16 0.02                 1.5707963268    4.44089e-16                    0 1e-24          123
202 Verify_NRT    -7.45058e-09 0.9999999999999998   8e-24           2.98023e-08   0.9999999999999998 5e-24          579
203 Verify_HT     -9.39854e-09 0.9999999999999998   8e-24           6.46934e-09   0.9999999999999998 5e-24          593
204 Verify_D4T    -9.28325e-12 0.9999999899999999   0.5             2.83804e-13              0.99999 0.15           675
205 Verify_Sym               0 0                    0                         0                    0 0              812
206 Ver_Solver    -5.84365e-16 0.999999             1e-12           5.36263e-16                0.995 0.05           192
207 Verify_Ref    -8.88178e-16 0.98                 3.1415926536    4.44089e-16                 0.05 2.3            708
208 Verify_qSin   -2.06416e-10 1e-06                3.1415926436          1e-08                    0 3.1415926436    63
209 Q3R2          -3.48911e-06 1                    0               2.22045e-16                0.001 0               72
210 Verify_Cbrt   -5.55112e-16 0.02                 1.5707963268    4.44089e-16                    0 1e-24          123
211 Ver_f80       -6.70682e-16 0.98                 3.1415926536    5.21229e-16              0.99999 3.1315926536   768
212 Ver_Gfix      -2.29895e-16 0.9999999999999998   0.7             2.31513e-16                  0.9 0.9            728
213 VGfix80       -2.11591e-16 0.99999              1                1.7547e-16              0.99999 0.9            770
214 Ver_s2c2-1    -2.22045e-16 0.03                 0.57079632679   2.22045e-16                0.005 2.4             38
215 Ver_asins           -5e-09 0                    3.1415926436     6.5708e-09          0.999999999 1e-08          119
216 Ver_sinas     -1.11022e-16 0.99999              3.1414926536    1.11022e-16                    0 2.3             87
217 Ver_acosc     -1.73472e-16 0.005                0.1             1.11022e-16                0.001 1.3207963268    62
218 Ver_cosac     -1.73472e-16 0.1                  1e-12           1.11022e-16                1e-06 1.3207963268   116
219 Ver_atant     -2.22045e-16 0.6                  0.25            2.22045e-16                0.002 1.7             98
220 Ver_tanat     -1.33227e-15 1e-06                3.1415926436    1.77636e-15                    0 3.1415916536   106
221 Ver_logexp    -1.11022e-16 0                    0.7             1.11022e-16                1e-06 0.9             77
222 Ver_explog    -4.44089e-16 0                    3               4.44089e-16                    0 3.1315926536    63
223 Ver_sqrtx2    -4.44089e-16 0                    2               4.44089e-16                    0 2.9             11
224 Ver_^2sqrt               0 0                    0                         0                    0 0               11
225 Ver_cbrx3     -2.22045e-16 0.8474986            2.6             2.22045e-16                0.005 1.8             95
226 Ver ^3cbrt    -8.88178e-16 1e-06                3.1             8.88178e-16                    0 3.1415926536    95
227 Ver sin87                0 0                    0                         0                    0 0                7
228 Ver cos87                0 0                    0                         0                    0 0                7
229 Ver tan87                0 0                    0                         0                    0 0                7
230 Ver atan87               0 0                    0                         0                    0 0                7
231 Ver sincoss              0 0                    0                         0                    0 0                7
232 Ver sincosc              0 0                    0                         0                    0 0                7
233 Ver s2c287               0 0                    0                         0                    0 0                7
234 Ver s2c2a     -5.55112e-16 0.075                3.1             6.66134e-16                 0.05 3.1415926536    55
235 Ver s2c2b     -5.55112e-16 0.075                3.1             6.66134e-16                  0.8 3.1405926536    56