
Compile options:  STRICT PURE FAST Apple M1/M2 Compiler Verion 12.0.0 (clang-1200.0.32.29) build 12000032 cbrt_ver 3

Cube root = 3 Ref3
Quick Time e =           0.85

0           M 2  0.028 0.027 0.027 0.028 0.028
1       Basic 7  1.556 1.560 1.560 1.556 1.565
2      Better 7  1.577 1.575 1.583 1.578 1.577
3        Best 8  1.644 1.639 1.642 1.652 1.638
4     BasicOp E  1.599 1.598 1.610 1.611 1.642
5       Exact 4  2.389 2.401 2.391 2.455 2.392
6      D5_FLM F  1.645 1.643 1.673 1.633 1.635
7       FLM95 4  1.008 0.999 0.995 0.996 1.000
8       DLB_B 1  0.917 0.921 0.914 0.916 0.924
9      DLB_BG 0  0.911 0.916 0.912 0.913 0.918
10       Pade 3  0.830 0.831 0.832 0.834 0.832
11      Cubic 4  0.611 0.606 0.601 0.600 0.603
12     SM_Cub B  0.818 0.810 0.817 0.815 0.812
13    SM_Pade C  1.006 1.006 1.005 1.012 1.017
14     MTB_CC 2  0.942 0.937 0.936 0.947 0.952
15     MTB_RS C  0.987 0.980 0.985 0.987 0.984
16     MTB_RF 1  1.002 1.008 1.002 1.005 1.001
17   PadePi/4 F  0.926 0.928 0.920 0.924 0.933
18     DLB_MB C  1.180 1.182 1.190 1.170 1.174
19     Hybrid 9  1.029 1.024 1.035 1.033 1.021
20  Optimised F  1.587 1.597 1.586 1.600 1.584
21     Polish 8  2.417 2.405 2.411 2.398 2.426
22         D0 8  0.844 0.846 0.845 0.860 0.841
23         D1 A  0.154 0.152 0.152 0.155 0.153
24         S1 0  0.028 0.028 0.028 0.029 0.028
25      S1_85 F  0.029 0.029 0.029 0.029 0.029
26      S1_41 3  0.029 0.030 0.029 0.029 0.029
27      S1_50 7  0.031 0.028 0.031 0.029 0.029
28      S1_62 B  0.029 0.029 0.029 0.029 0.029
29         S3 3  0.184 0.185 0.183 0.184 0.183
30         S9 7  0.292 0.299 0.302 0.300 0.293
31       S9s2 2  0.238 0.235 0.238 0.234 0.234
32       S9t2 D  0.295 0.296 0.296 0.296 0.297
33    S9t2p54 A  0.113 0.113 0.136 0.123 0.125
34    S9t2p52 9  0.104 0.105 0.108 0.106 0.105
35        D3M A  0.363 0.356 0.357 0.358 0.355
36   D3t2p54M D  0.138 0.137 0.138 0.138 0.140
37      M_D4M 6  0.389 0.397 0.393 0.402 0.388
38      D4t2M 9  0.351 0.350 0.351 0.354 0.355
39     D4t2pM 9  0.164 0.166 0.169 0.177 0.174
40      M_D5M A  0.466 0.471 0.474 0.468 0.466
41      D5t2M 2  0.466 0.480 0.465 0.468 0.477
42     D5t2pM E  0.314 0.310 0.302 0.301 0.302
43      M_D6M 7  0.697 0.695 0.697 0.717 0.709
44      M_D7M 9  0.991 0.982 0.983 0.997 0.989
45      M_D8M B  1.403 1.417 1.408 1.395 1.410
46      Basic 7  1.568 1.557 1.572 1.558 1.565
47     BasicE C  1.622 1.625 1.658 1.646 1.631
48   NR_Basic B  2.011 2.021 2.011 2.009 2.005
49   D3_Basic 1  2.062 2.026 2.035 2.033 2.027
50     BasicI F  1.622 1.658 1.617 1.625 1.616
51   D380_Bas D  2.733 2.743 2.742 2.736 2.750
52 D3t2_Basic F  1.964 1.968 1.973 1.975 1.961
53   BasOp_t2 A  1.771 1.773 1.755 1.766 1.754
54 D3_Basic2t 0  1.737 1.714 1.718 1.712 1.707
55   D4_Basic 7  2.110 2.149 2.116 2.103 2.121
56     Better 7  1.586 1.600 1.576 1.578 1.611
57  NR_Better 5  2.083 2.022 2.011 2.037 2.024
58  D3_Better B  2.096 2.077 2.103 2.081 2.123
59   BetterOp 0  1.925 1.985 1.973 1.998 1.935
60  D4_Better 1  2.148 2.129 2.148 2.122 2.124
61       Best 8  1.653 1.654 1.635 1.645 1.645
62    NR_Best F  2.119 2.093 2.078 2.101 2.087
63    D3_Best 5  2.119 2.114 2.288 2.304 2.154
64  D3t2_Best B  2.096 2.093 2.116 2.098 2.100
65      BestI 9  1.690 1.699 1.703 1.700 1.688
66 Best2tp54Op C  1.705 1.694 1.748 1.707 1.698
67    D4_Best 1  2.225 2.213 2.207 2.260 2.198
68      FLM95 4  1.005 1.005 1.004 1.000 1.006
69     NR_FLM 7  1.597 1.559 1.564 1.509 1.509
70     D3_FLM B  1.645 1.604 1.642 1.599 1.600
71     D4_FLM 1  1.731 1.714 1.726 1.715 1.709
72   D5_FLMop 1  1.701 1.663 1.707 1.665 1.667
73     DLB_BG 0  0.936 0.921 0.914 0.925 0.951
74     NR_DLB 7  1.490 1.467 1.511 1.497 1.483
75     D3_DLB D  1.541 1.507 1.521 1.532 1.525
76     D4_DLB 3  1.648 1.607 1.601 1.632 1.614
77     D5_DLB 9  1.690 1.703 1.697 1.716 1.706
78       NR80 1  0.699 0.711 0.714 0.698 0.701
79         NR D  0.412 0.413 0.417 0.423 0.422
80        NR+ C  0.435 0.423 0.428 0.423 0.424
81       NRt2 9  0.319 0.318 0.321 0.320 0.327
82   Halley80 9  1.218 1.210 1.205 1.235 1.236
83     Halley 5  0.439 0.438 0.463 0.509 0.456
84     Hall_s D  0.476 0.464 0.464 0.467 0.465
85     Hal_t2 1  0.354 0.352 0.353 0.361 0.379
86    D3t2p54 F  0.157 0.156 0.175 0.169 0.164
87       M_D4 5  0.535 0.536 0.555 0.530 0.533
88       D4t2 9  0.436 0.452 0.446 0.431 0.429
89    D4t2p32 5  0.211 0.213 0.211 0.213 0.211
90       M_D5 D  0.733 0.738 0.741 0.736 0.734
91       D5t2 1  0.556 0.564 0.583 0.585 0.572
92      MB_D6 2  0.826 0.826 0.838 0.844 0.909
93       D6t2 6  0.703 0.698 0.715 0.825 0.829
94      MB_D7 A  1.153 1.130 1.145 1.215 1.214
95       D7t2 E  0.960 0.933 0.938 0.937 0.937
96      MB_D8 2  1.557 1.546 1.542 1.557 1.546
97       D8t2 6  1.332 1.329 1.310 1.319 1.331
98     Dn_Mke 9  0.366 0.365 0.372 0.365 0.365
99     NRoptK D  0.408 0.412 0.423 0.413 0.421
100     D3optK 0  0.442 0.449 0.437 0.438 0.442
101     D4optK D  0.585 0.558 0.570 0.556 0.560
102     D5optK B  0.725 0.743 0.747 0.719 0.727
103     D6optK 7  0.817 0.965 1.007 0.952 0.862
104     MPadeK 8  1.067 1.065 1.075 1.121 1.133
105     NRNRoK 5  0.892 0.880 0.870 0.867 0.867
106     NRtNRt D  0.800 0.780 0.763 0.765 0.760
107     NRNRt2 3  0.926 0.909 0.899 0.914 0.891
108     NRt2NR 7  0.830 0.834 0.827 0.825 0.826
109       NRNR 0  0.880 0.868 0.872 0.864 0.860
110     NR(3x) 6  1.319 1.310 1.306 1.357 1.314
111     NR(4x) E  1.858 1.838 1.776 1.840 1.803
112    D4t2NRk 2  1.031 1.040 1.048 1.068 1.031
113    D4t2D3k 2  1.048 1.050 1.050 1.043 1.050
114    D4t2D4k 2  1.130 1.138 1.144 1.150 1.148
115      NR_S9 9  0.773 0.774 0.812 0.825 0.795
116      D3_S9 D  0.832 0.845 0.811 0.833 0.818
117    D3_S9t2 5  0.936 0.889 0.867 0.853 0.855
118  D3t2_S9t2 D  0.789 0.792 0.795 0.805 0.797
119    D3t2_S9 9  0.757 0.789 0.771 0.791 0.885
120 D3_S9t2p52 1  0.594 0.576 0.552 0.556 0.585
121 D3t2_S9t2p 5  0.593 0.578 0.563 0.578 0.569
122 D3t2p_S9t2p 9  0.354 0.351 0.345 0.343 0.347
123     D3_D4M 3  0.916 0.911 0.979 0.958 0.945
124     D4_D4M C  1.011 1.023 0.999 1.043 1.007
125   D4_D4t2p 1  0.772 0.799 0.765 0.755 0.768
126      D4_S3 D  0.787 0.798 0.787 0.790 0.761
127      D4_S9 1  0.902 0.917 0.919 0.888 0.884
128    D4t2_S9 D  0.879 0.898 0.860 0.887 0.876
129    D4t2_D4 D  1.023 1.028 1.021 1.030 1.006
130  D4_D5t2pM 9  0.883 0.885 0.905 0.912 0.942
131      D5_S9 5  0.990 0.986 0.979 1.009 1.055
132    D5t2_S9 7  1.009 1.014 1.043 1.042 1.054
133  D5t2_S9t2 1  1.110 1.117 1.084 1.141 1.111
134    NR_D5t2 3  1.032 1.008 1.008 1.047 1.084
135     BasicE C  1.651 1.675 1.626 1.642 1.655
136 Basic(ref) 7  1.581 1.610 1.589 1.570 1.571
137     BasicQ C  1.643 1.684 1.681 1.657 1.644
138     BasicR 9  1.512 1.514 1.565 1.510 1.498
139    _BasicS B  0.685 0.664 0.673 0.674 0.682
140    _BasicT D  1.413 1.393 1.389 1.399 1.387
141    BasicBM F  1.511 1.496 1.513 1.507 1.519
142    _BasicA D  1.131 1.112 1.104 1.093 1.109
143     BasicZ E  1.616 1.549 1.525 1.578 1.565
144   BasicF32 9  1.227 1.232 1.254 1.250 1.242
145   Bas2tp10 E  1.323 1.303 1.314 1.347 1.308
146   Bas2tp30 A  1.351 1.347 1.326 1.350 1.357
147   Bas2tp50 3  1.391 1.419 1.399 1.401 1.387
148   Bas2tp70 1  1.393 1.392 1.377 1.376 1.385
149   Bas2tp32 9  1.366 1.348 1.333 1.340 1.337
150 Basic2tp32x 5  1.411 1.427 1.378 1.353 1.348
151   Bas2tp52 1  1.423 1.421 1.410 1.395 1.396
152 Basic2tp52y 0  1.368 1.379 1.365 1.382 1.379
153   Bas2tp54 0  1.422 1.427 1.416 1.413 1.426
154 NR_Bas2tp54 3  1.825 1.813 1.784 1.812 1.833
155 D4T_B2tp52 D  1.514 1.536 1.533 1.550 1.553
156 D3_Bas2tp54 7  1.863 1.854 1.846 1.839 1.844
157 D4_Bas2pt54 B  1.971 1.938 1.952 1.992 1.961
158 Basic2tp56 1  1.413 1.482 1.432 1.455 1.452
159   BasicP20 A  1.390 1.382 1.466 1.423 1.392
160   Basic20a 4  1.352 1.356 1.359 1.366 1.358
161   BasicP30 1  1.323 1.326 1.328 1.350 1.345
162   BasicP40 4  1.370 1.358 1.353 1.371 1.364
163   BasicP50 B  1.360 1.347 1.375 1.364 1.357
164   BasicP60 0  1.419 1.425 1.404 1.447 1.381
165   BasicP70 2  1.485 1.487 1.485 1.492 1.487
166   BasicP80 0  1.548 1.619 1.575 1.595 1.612
167   BasicP90 D  1.612 1.655 1.601 1.574 1.584
168   BasicP32 2  1.405 1.403 1.402 1.396 1.417
169  BasicP32a E  1.429 1.428 1.417 1.449 1.421
170   BasP32ND 2  1.399 1.399 1.397 1.396 1.428
171   BasP52ND E  1.357 1.400 1.371 1.354 1.428
172         D1 A  0.173 0.183 0.190 0.206 0.170
173      NR_D1 D  0.549 0.572 0.567 0.559 0.553
174      D3_D1 1  0.619 0.578 0.585 0.596 0.619
175    D3t2_D1 5  0.564 0.573 0.569 0.568 0.570
176      D4_D1 9  0.696 0.726 0.744 0.741 0.707
177    D4t2_D1 D  0.621 0.635 0.649 0.649 0.641
178      D5_D1 5  0.861 0.849 0.853 0.844 0.909
179    D5t2_D1 1  0.794 0.783 0.779 0.802 0.805
180      D6_D1 C  1.008 1.023 0.996 0.992 1.001
181      D7_D1 3  1.297 1.304 1.296 1.255 1.277
182      D8_D1 A  1.719 1.710 1.737 1.712 1.701
183    D3D4_D1 5  1.290 1.322 1.438 1.216 1.201
184 D4t2D3t2D1 B  1.133 1.130 1.133 1.126 1.126
185 D3t2D4t2D1 4  1.157 1.160 1.157 1.165 1.158
186     DCubic 9  0.703 0.715 0.712 0.772 0.814
187      Dpade B  0.782 0.770 0.783 0.797 0.811
188          _ 2  0.027 0.027 0.028 0.027 0.028
189          _ 2  0.027 0.027 0.027 0.027 0.027
190          _ 2  0.028 0.027 0.028 0.028 0.028
191          _ 2  0.027 0.027 0.027 0.027 0.027
192          _ 2  0.027 0.028 0.027 0.027 0.027
193     _a.e^N A  0.079 0.079 0.084 0.080 0.078
194    _GFix80 A  0.902 0.891 0.880 0.877 0.873
195    _GFixup 0  0.499 0.522 0.534 0.502 0.515
196    _MFixup 6  0.361 0.363 0.354 0.353 0.358
197    _FLMFix C  0.139 0.115 0.110 0.108 0.108
198   _CubicBM 0  0.605 0.660 0.625 0.618 0.602
199    _SolveC E  0.614 0.628 0.614 0.606 0.640